Log file open, 04/10/17 21:32:07
LogInit:Display: Running engine for game: Project_panties
LogPlatformFile: Not using cached read wrapper
LogInit:Display: RandInit(-605524813) SRandInit(-605524813).
LogTaskGraph: Started task graph with 5 named threads and 8 total threads with 1 sets of task threads.
LogStats: Stats thread started at 0.447895
LogInit: Using libcurl 7.47.1
LogInit:  - built for x86_64-pc-win32
LogInit:  - supports SSL with OpenSSL/1.0.2g
LogInit:  - supports HTTP deflate (compression) using libz 1.2.8
LogInit:  - other features:
LogInit:      CURL_VERSION_SSL
LogInit:      CURL_VERSION_LIBZ
LogInit:      CURL_VERSION_IPV6
LogInit:      CURL_VERSION_ASYNCHDNS
LogInit:      CURL_VERSION_LARGEFILE
LogInit:      CURL_VERSION_IDN
LogInit:  CurlRequestOptions (configurable via config and command line):
LogInit:  - bVerifyPeer = false  - Libcurl will NOT verify peer certificate
LogInit:  - bUseHttpProxy = false  - Libcurl will NOT use HTTP proxy
LogInit:  - bDontReuseConnections = false  - Libcurl will reuse connections
LogInit:  - CertBundlePath = nullptr  - Libcurl will use whatever was configured at build time.
LogInit: Build: ++UE4+Release-4.15-CL-3348071
LogInit: Engine Version: 4.15.1-3348071+++UE4+Release-4.15
LogInit: Compatible Engine Version: 4.15.0-3299760+++UE4+Release-4.15
LogInit: Net CL: 3299760
LogDevObjectVersion: Number of dev versions registered: 14
LogDevObjectVersion:   Dev-Blueprints (B0D832E4-1F89-4F0D-ACCF-7EB736FD4AA2): 8
LogDevObjectVersion:   Dev-Build (E1C64328-A22C-4D53-A36C-8E866417BD8C): 0
LogDevObjectVersion:   Dev-Core (375EC13C-06E4-48FB-B500-84F0262A717E): 2
LogDevObjectVersion:   Dev-Editor (E4B068ED-F494-42E9-A231-DA0B2E46BB41): 14
LogDevObjectVersion:   Dev-Framework (CFFC743F-43B0-4480-9391-14DF171D2073): 22
LogDevObjectVersion:   Dev-Mobile (B02B49B5-BB20-44E9-A304-32B752E40360): 0
LogDevObjectVersion:   Dev-Networking (A4E4105C-59A1-49B5-A7C5-40C4547EDFEE): 0
LogDevObjectVersion:   Dev-Online (39C831C9-5AE6-47DC-9A44-9C173E1C8E7C): 0
LogDevObjectVersion:   Dev-Physics (78F01B33-EBEA-4F98-B9B4-84EACCB95AA2): 0
LogDevObjectVersion:   Dev-Platform (6631380F-2D4D-43E0-8009-CF276956A95A): 0
LogDevObjectVersion:   Dev-Rendering (12F88B9F-8875-4AFC-A67C-D90C383ABD29): 12
LogDevObjectVersion:   Dev-Sequencer (7B5AE74C-D270-4C10-A958-57980B212A5A): 3
LogDevObjectVersion:   Dev-VR (D7296918-1DD6-4BDD-9DE2-64A83CC13884): 0
LogDevObjectVersion:   Dev-LoadTimes (C2A15278-BFE7-4AFE-6C17-90FF531DF755): 1
LogInit: Compiled (64-bit): Mar 15 2017 16:52:47
LogInit: Compiled with Visual C++: 19.00.23026.00
LogInit: Build Configuration: Development
LogInit: Branch Name: ++UE4+Release-4.15
LogInit: Command line:  
LogInit: Base directory: C:/Program Files/Epic Games/UE_4.15/Engine/Binaries/Win64/
LogInit: Installed Engine Build: 1
LogInit: Presizing for max 8388607 objects, including 0 objects not considered by GC, pre-allocating 0 bytes for permanent pool.
LogInit: Object subsystem initialized
[2017.04.10-18.32.08:707][  0]LogInit: Selected Device Profile: [Windows]
[2017.04.10-18.32.08:707][  0]LogInit: Applying CVar settings loaded from the selected device profile: [Windows]
[2017.04.10-18.32.08:717][  0]LogInit: Computer: OVERMIND
[2017.04.10-18.32.08:717][  0]LogInit: User: User
[2017.04.10-18.32.08:717][  0]LogInit: CPU Page size=65536, Cores=4
[2017.04.10-18.32.08:717][  0]LogInit: High frequency timer resolution =3.320351 MHz
[2017.04.10-18.32.08:717][  0]LogMemory: Memory total: Physical=15.9GB (16GB approx)
[2017.04.10-18.32.08:717][  0]LogMemory: Platform Memory Stats for Windows
[2017.04.10-18.32.08:717][  0]LogMemory: Process Physical Memory: 264.77 MB used, 264.77 MB peak
[2017.04.10-18.32.08:717][  0]LogMemory: Process Virtual Memory: 264.66 MB used, 264.66 MB peak
[2017.04.10-18.32.08:717][  0]LogMemory: Physical Memory: 3521.56 MB used,  12796.96 MB free, 16318.52 MB total
[2017.04.10-18.32.08:717][  0]LogMemory: Virtual Memory: 633.93 MB used,  12796.96 MB free, 8388608.00 MB total
[2017.04.10-18.32.08:871][  0]LogTextLocalizationManager: No translations for ('ru-RU') exist, falling back to 'en' for localization and internationalization data.
[2017.04.10-18.32.09:655][  0]LogD3D11RHI: D3D11 adapters:
[2017.04.10-18.32.09:662][  0]LogD3D11RHI:    0. 'AMD Radeon R9 200 Series' (Feature Level 11_0)
[2017.04.10-18.32.09:662][  0]LogD3D11RHI:       3050/0/3840 MB DedicatedVideo/DedicatedSystem/SharedSystem, Outputs:2, VendorId:0x1002
[2017.04.10-18.32.09:662][  0]LogD3D11RHI: Chosen D3D11 Adapter: 0
[2017.04.10-18.32.09:666][  0]LogD3D11RHI: Creating new Direct3DDevice
[2017.04.10-18.32.09:666][  0]LogD3D11RHI:     GPU DeviceId: 0x6798 (for the marketing name, search the web for "GPU Device Id")
[2017.04.10-18.32.09:666][  0]LogWindows: EnumDisplayDevices:
[2017.04.10-18.32.09:666][  0]LogWindows:    0. 'AMD Radeon R9 200 Series' (P:1 D:1)
[2017.04.10-18.32.09:666][  0]LogWindows:    1. 'AMD Radeon R9 200 Series' (P:0 D:1)
[2017.04.10-18.32.09:666][  0]LogWindows:    2. 'AMD Radeon R9 200 Series' (P:0 D:0)
[2017.04.10-18.32.09:667][  0]LogWindows:    3. 'AMD Radeon R9 200 Series' (P:0 D:0)
[2017.04.10-18.32.09:667][  0]LogWindows:    4. 'AMD Radeon R9 200 Series' (P:0 D:0)
[2017.04.10-18.32.09:667][  0]LogWindows:    5. 'AMD Radeon R9 200 Series' (P:0 D:0)
[2017.04.10-18.32.09:668][  0]LogWindows:    6. 'RDPDD Chained DD' (P:0 D:0)
[2017.04.10-18.32.09:668][  0]LogWindows:    7. 'RDP Encoder Mirror Driver' (P:0 D:0)
[2017.04.10-18.32.09:668][  0]LogWindows:    8. 'RDP Reflector Display Driver' (P:0 D:0)
[2017.04.10-18.32.09:668][  0]LogWindows: DebugString: GetVideoDriverDetailsInvalid PrimaryIsNotTheChoosenAdapter GetVideoDriverDetailsInvalid PrimaryIsNotTheChoosenAdapter GetVideoDriverDetailsInvalid PrimaryIsNotTheChoosenAdapter FoundDriverCount:6 
[2017.04.10-18.32.09:668][  0]LogD3D11RHI:     Adapter Name: AMD Radeon R9 200 Series
[2017.04.10-18.32.09:668][  0]LogD3D11RHI:   Driver Version: Crimson 16.9.2 (internal:21.19.137.1, unified:21.19.137.1)
[2017.04.10-18.32.09:668][  0]LogD3D11RHI:      Driver Date: 9-16-2016
[2017.04.10-18.32.09:668][  0]LogRHI: Texture pool is 1361 MB (70% of 1945 MB)
[2017.04.10-18.32.09:702][  0]LogD3D11RHI: Async texture creation enabled
[2017.04.10-18.32.09:725][  0]LogD3D11RHI: GPU Timing Frequency: 27.000000 (Debug: 2 1)
[2017.04.10-18.32.09:729][  0]LogShaderCompilers: Guid format shader working directory is 16 characters bigger than the processId version (D:/UEProjects/project_panties/Intermediate/Shaders/WorkingDirectory/5080/).
[2017.04.10-18.32.09:729][  0]LogShaderCompilers: Cleaned the shader compiler working directory 'C:/Users/User/AppData/Local/Temp/UnrealShaderWorkingDir/7797B0514A4FB0DD4522A6BFD83E094C/'.
[2017.04.10-18.32.09:729][  0]LogShaderCompilers:Display: Using Local Shader Compiler.
[2017.04.10-18.32.11:111][  0]LogTemp:Display: Loaded TP AllDesktopTargetPlatform
[2017.04.10-18.32.11:157][  0]LogTemp:Display: Loaded TP MacClientTargetPlatform
[2017.04.10-18.32.11:202][  0]LogTemp:Display: Loaded TP MacNoEditorTargetPlatform
[2017.04.10-18.32.11:248][  0]LogTemp:Display: Loaded TP MacServerTargetPlatform
[2017.04.10-18.32.11:293][  0]LogTemp:Display: Loaded TP MacTargetPlatform
[2017.04.10-18.32.11:339][  0]LogTemp:Display: Loaded TP WindowsClientTargetPlatform
[2017.04.10-18.32.11:384][  0]LogTemp:Display: Loaded TP WindowsNoEditorTargetPlatform
[2017.04.10-18.32.11:429][  0]LogTemp:Display: Loaded TP WindowsServerTargetPlatform
[2017.04.10-18.32.11:467][  0]LogTemp:Display: Loaded TP WindowsTargetPlatform
[2017.04.10-18.32.11:513][  0]LogTemp:Display: Loaded TP AndroidTargetPlatform
[2017.04.10-18.32.11:558][  0]LogTemp:Display: Loaded TP Android_ASTCTargetPlatform
[2017.04.10-18.32.11:603][  0]LogTemp:Display: Loaded TP Android_ATCTargetPlatform
[2017.04.10-18.32.11:648][  0]LogTemp:Display: Loaded TP Android_DXTTargetPlatform
[2017.04.10-18.32.11:694][  0]LogTemp:Display: Loaded TP Android_ETC1TargetPlatform
[2017.04.10-18.32.11:739][  0]LogTemp:Display: Loaded TP Android_ETC2TargetPlatform
[2017.04.10-18.32.11:830][  0]LogTemp:Display: Loaded TP Android_MultiTargetPlatform
[2017.04.10-18.32.11:830][  0]LogTemp:Display: Loaded TP Android_PVRTCTargetPlatform
[2017.04.10-18.32.11:862][  0]LogTemp:Display: Loaded TP HTML5TargetPlatform
[2017.04.10-18.32.11:946][  0]LogTemp:Display: Loaded TP IOSTargetPlatform
[2017.04.10-18.32.11:970][  0]LogTemp:Display: Loaded TP TVOSTargetPlatform
[2017.04.10-18.32.12:016][  0]LogTemp:Display: Loaded TP LinuxClientTargetPlatform
[2017.04.10-18.32.12:060][  0]LogTemp:Display: Loaded TP LinuxNoEditorTargetPlatform
[2017.04.10-18.32.12:106][  0]LogTemp:Display: Loaded TP LinuxServerTargetPlatform
[2017.04.10-18.32.12:152][  0]LogTemp:Display: Loaded TP LinuxTargetPlatform
[2017.04.10-18.32.12:152][  0]LogTargetPlatformManager:Display: Building Assets For Windows
[2017.04.10-18.32.12:516][  0]LogDerivedDataCache:Display: Max Cache Size: 512 MB
[2017.04.10-18.32.12:702][  0]LogDerivedDataCache: Loaded boot cache 0.18s 60MB C:/Users/User/AppData/Local/UnrealEngine/4.15/DerivedDataCache/Boot.ddc.
[2017.04.10-18.32.12:702][  0]LogDerivedDataCache:Display: Loaded Boot cache: C:/Users/User/AppData/Local/UnrealEngine/4.15/DerivedDataCache/Boot.ddc
[2017.04.10-18.32.12:702][  0]LogDerivedDataCache: FDerivedDataBackendGraph:  Pak pak cache file D:/UEProjects/project_panties/DerivedDataCache/DDC.ddp not found, will not use a pak cache.
[2017.04.10-18.32.12:702][  0]LogDerivedDataCache: Unable to find inner node Pak for hierarchical cache Hierarchy.
[2017.04.10-18.32.12:702][  0]LogDerivedDataCache: FDerivedDataBackendGraph:  CompressedPak pak cache file D:/UEProjects/project_panties/DerivedDataCache/Compressed.ddp not found, will not use a pak cache.
[2017.04.10-18.32.12:702][  0]LogDerivedDataCache: Unable to find inner node CompressedPak for hierarchical cache Hierarchy.
[2017.04.10-18.32.12:720][  0]LogDerivedDataCache:Display: Pak cache opened for reading ../../../Engine/DerivedDataCache/Compressed.ddp.
[2017.04.10-18.32.12:732][  0]LogDerivedDataCache: Using Local data cache path C:/Users/User/AppData/Local/UnrealEngine/Common/DerivedDataCache: Writable
[2017.04.10-18.32.12:756][  0]LogSlate: Using Freetype 2.6.0
[2017.04.10-18.32.12:759][  0]LogSlate: SlateFontCache - WITH_FREETYPE: 1, WITH_HARFBUZZ: 1
[2017.04.10-18.32.12:759][  0]LogSlate: SlateFontCache - WITH_FREETYPE: 1, WITH_HARFBUZZ: 1
[2017.04.10-18.32.13:487][  0]LogInit: Selected Device Profile: [Windows]
[2017.04.10-18.32.13:492][  0]LogContentStreaming: Texture pool size is 0.00 MB
[2017.04.10-18.32.13:729][  0]LogMeshUtilities: Using QuadricMeshReduction for automatic static mesh reduction
[2017.04.10-18.32.13:766][  0]LogSimplygon: Simplygon DLL not present - disabling.
[2017.04.10-18.32.13:810][  0]LogMeshUtilities: Using SimplygonSwarm for distributed automatic mesh merging
[2017.04.10-18.32.13:810][  0]LogMeshUtilities: No automatic skeletal mesh reduction module available
[2017.04.10-18.32.13:810][  0]LogMeshUtilities: No automatic mesh merging module available
[2017.04.10-18.32.14:451][  0]LogNetVersion: GetLocalNetworkVersion: CL: 3299760, ProjectName: project_panties, ProjectVersion: , EngineNetworkVersion: 2, GameNetworkVersion: 0, NetworkChecksum: 965447636
[2017.04.10-18.32.14:495][  0]LogAssetRegistry: FAssetRegistry took 0.0231 seconds to start up
[2017.04.10-18.32.14:518][  0]LogPackageLocalizationCache: Processed 3 localized package path(s) for 1 prioritized culture(s) in 0.008553 seconds
[2017.04.10-18.32.14:523][  0]LogUObjectArray: 32493 objects as part of root set at end of initial load.
[2017.04.10-18.32.14:523][  0]LogUObjectAllocator: 7077024 out of 0 bytes used by permanent object pool.
[2017.04.10-18.32.14:523][  0]LogUObjectArray: CloseDisregardForGC: 0/0 objects in disregard for GC pool
[2017.04.10-18.32.14:566][  0]LogInit: WinSock: version 1.1 (2.2), MaxSocks=32767, MaxUdp=65467
[2017.04.10-18.32.16:534][  0]LogTcpMessaging: Initializing TcpMessaging bridge
[2017.04.10-18.32.16:571][  0]LogUdpMessaging: Initializing bridge on interface 0.0.0.0:0 to multicast group 230.0.0.1:6666.
[2017.04.10-18.32.17:050][  0]LogMaterial: Uniform references updated for custom material expression Custom.
[2017.04.10-18.32.17:424][  0]SourceControl: Info Source control is disabled
[2017.04.10-18.32.17:425][  0]SourceControl: Info Source control is disabled
[2017.04.10-18.32.17:475][  0]SourceControl: Info Source control is disabled
[2017.04.10-18.32.17:520][  0]SourceControl: Info Source control is disabled
[2017.04.10-18.32.18:708][  0]LogEngine: Initializing Engine...
[2017.04.10-18.32.18:708][  0]LogHMD: Failed to initialize OpenVR with code 110
[2017.04.10-18.32.18:969][  0]LogAIModule: Creating AISystem for world Untitled
[2017.04.10-18.32.19:000][  0]LogInit: XAudio2 using '2 - ASUS VG27A (AMD High Definition Audio Device)' : 2 channels at 48 kHz using 16 bits per sample (channel mask 0x3)
[2017.04.10-18.32.19:051][  0]LogInit: FAudioDevice initialized.
[2017.04.10-18.32.19:077][  0]LogDerivedDataCache: Saved boot cache 0.03s 60MB C:/Users/User/AppData/Local/UnrealEngine/4.15/DerivedDataCache/Boot.ddc.
[2017.04.10-18.32.19:083][  0]LogInit: Texture streaming: Enabled
[2017.04.10-18.32.19:148][  0]LogEngineSessionManager: EngineSessionManager initialized
[2017.04.10-18.32.19:260][  0]LogInit: Transaction tracking system initialized
[2017.04.10-18.32.19:560][  0]BlueprintLog: New page: Editor Load
[2017.04.10-18.32.20:323][  0]LocalizationService: Info Localization service is disabled
[2017.04.10-18.32.20:911][  0]LogConsoleResponse:Display: 
[2017.04.10-18.32.21:074][  0]LogCook:Display: Max memory allowance for cook 16384mb min free memory 0mb
[2017.04.10-18.32.21:074][  0]LogCook:Display: Mobile HDR setting 1
[2017.04.10-18.32.21:272][  0]LogFileCache: Scanning file cache for directory 'D:/UEProjects/project_panties/Content/' took 0.02s
[2017.04.10-18.32.22:008][  0]SourceControl: Info Source control is disabled
[2017.04.10-18.32.22:009][  0]Cmd: MAP LOAD FILE="D:/UEProjects/project_panties/Content/Scenes/TestScene.umap" TEMPLATE=0 SHOWPROGRESS=1 FEATURELEVEL=3
[2017.04.10-18.32.22:011][  0]LightingResults: New page: Lighting Build
[2017.04.10-18.32.22:047][  0]MapCheck: New page: Map Check
[2017.04.10-18.32.22:047][  0]LightingResults: New page: Lighting Build
[2017.04.10-18.32.22:549][  0]LogClass:Warning: Enum '/Game/Blueprints/E_WeaponBonusType.E_WeaponBonusType' was upgraded to use FText to store its display name data. Please re-save this asset to avoid issues with localization and determinstic cooking.
[2017.04.10-18.32.22:610][  0]LogClass:Warning: Enum '/Game/Blueprints/AI/E_BaseAIState.E_BaseAIState' was upgraded to use FText to store its display name data. Please re-save this asset to avoid issues with localization and determinstic cooking.
[2017.04.10-18.32.23:019][  0]LogAIModule: Creating AISystem for world TestScene
[2017.04.10-18.32.23:047][  0]LogEditorServer: Finished looking for orphan Actors (0.000 secs)
[2017.04.10-18.32.23:049][  0]Cmd: MAP CHECKDEP NOCLEARLOG
[2017.04.10-18.32.23:092][  0]MapCheck: Info Map check complete: 0 Error(s), 0 Warning(s), took 42.496ms to complete.
[2017.04.10-18.32.23:092][  0]LogFileHelpers: Loading map 'TestScene' took 1.083
[2017.04.10-18.32.23:314][  0]LogCollectionManager: Loaded 0 collections in 0.001120 seconds
[2017.04.10-18.32.23:402][  0]LogFileCache: Scanning file cache for directory 'D:/UEProjects/project_panties/Saved/Collections/' took 0.01s
[2017.04.10-18.32.23:402][  0]LogFileCache: Scanning file cache for directory 'D:/UEProjects/project_panties/Content/Developers/User/Collections/' took 0.01s
[2017.04.10-18.32.23:402][  0]LogFileCache: Scanning file cache for directory 'D:/UEProjects/project_panties/Content/Collections/' took 0.01s
[2017.04.10-18.32.23:402][  0]LogCollectionManager: Rebuilt the GUID cache for 0 collections in 0.000001 seconds
[2017.04.10-18.32.23:411][  0]LogContentBrowser: Native class hierarchy populated in 0.0076 seconds. Added 2245 classes and 453 folders.
[2017.04.10-18.32.23:416][  0]LogStats: UGameplayTagsManager::ConstructGameplayTagTree: Construct from data asset -  0.000 s
[2017.04.10-18.32.23:416][  0]LogStats: UGameplayTagsManager::ConstructGameplayTagTree: GameplayTagTreeChangedEvent.Broadcast -  0.000 s
[2017.04.10-18.32.23:464][  0]LogContentBrowser: Native class hierarchy updated for 'WidgetCarousel' in 0.0005 seconds. Added 0 classes and 0 folders.
[2017.04.10-18.32.23:576][  0]LogContentBrowser: Native class hierarchy updated for 'AddContentDialog' in 0.0005 seconds. Added 0 classes and 0 folders.
[2017.04.10-18.32.23:618][  0]LogContentBrowser: Native class hierarchy updated for 'SceneOutliner' in 0.0005 seconds. Added 1 classes and 2 folders.
[2017.04.10-18.32.23:679][  0]LogCrashTracker: Crashtracker disabled due to settings.
[2017.04.10-18.32.23:687][  0]LogUObjectGlobals:Warning: Failed to find object 'Class None.'
[2017.04.10-18.32.23:750][  0]LogContentBrowser: Native class hierarchy updated for 'HierarchicalLODOutliner' in 0.0005 seconds. Added 1 classes and 2 folders.
[2017.04.10-18.32.23:750][  0]LogLoad: (Engine Initialization) Total time: 17.97 seconds
[2017.04.10-18.32.23:750][  0]LogLoad: (Engine Initialization) Total Blueprint compile time: 0.32 seconds
[2017.04.10-18.32.23:750][  0]LogExternalProfiler: No external profilers were discovered.  External profiling features will not be available.
[2017.04.10-18.32.23:763][  0]LogOcInput: OculusInput pre-init called
[2017.04.10-18.32.23:780][  0]LogAssetRegistry: Asset discovery search completed in 9.3080 seconds
[2017.04.10-18.32.23:780][  0]LogCollectionManager: Rebuilt the object cache for 0 collections in 0.000002 seconds (found 0 objects)
[2017.04.10-18.32.23:780][  0]LogCollectionManager: Fixed up redirectors for 0 collections in 0.000012 seconds (updated 0 objects)
[2017.04.10-18.32.23:787][  0]LogContentStreaming: Texture pool size now 1000 MB
[2017.04.10-18.32.23:797][  0]LogSlate: Took 0.000897 seconds to synchronously load lazily loaded font '../../../Engine/Content/Slate/Fonts/Roboto-Regular.ttf' (155K)
[2017.04.10-18.32.23:801][  0]LogSlate: Took 0.000936 seconds to synchronously load lazily loaded font '../../../Engine/Content/Slate/Fonts/Roboto-Bold.ttf' (160K)
[2017.04.10-18.32.23:806][  0]LogSlate: Took 0.000939 seconds to synchronously load lazily loaded font '../../../Engine/Content/Editor/Slate/Fonts/FontAwesome.ttf' (139K)
[2017.04.10-18.32.23:920][  0]LogSlate: Took 0.000924 seconds to synchronously load lazily loaded font '../../../Engine/Content/Slate/Fonts/Roboto-Light.ttf' (159K)
[2017.04.10-18.32.23:953][  0]LogRenderer: Reallocating scene render targets to support 1092x580 NumSamples 1 (Frame:2).
[2017.04.10-18.32.24:778][ 90]LogSlate: Took 0.000202 seconds to synchronously load lazily loaded font '../../../Engine/Content/Slate/Fonts/Roboto-Light.ttf' (159K)
[2017.04.10-18.34.21:445][963]LogSlate: Took 0.000154 seconds to synchronously load lazily loaded font '../../../Engine/Content/Slate/Fonts/Roboto-Light.ttf' (159K)
[2017.04.10-18.34.21:844][963]LogContentBrowser: Native class hierarchy updated for 'BlueprintGraph' in 0.0008 seconds. Added 112 classes and 0 folders.
[2017.04.10-18.34.22:360][963]LogSlate: Took 0.000179 seconds to synchronously load lazily loaded font '../../../Engine/Content/Slate/Fonts/Roboto-Regular.ttf' (155K)
[2017.04.10-18.34.22:448][963]LogSlate: Took 0.001111 seconds to synchronously load lazily loaded font '../../../Engine/Content/Editor/Slate/Fonts/Roboto-BoldCondensed.ttf' (158K)
[2017.04.10-18.34.25:094][211]LogSlate: Took 0.001127 seconds to synchronously load lazily loaded font '../../../Engine/Content/Editor/Slate/Fonts/Roboto-Italic.ttf' (157K)
[2017.04.10-18.37.16:779][142]LogEnum:Warning: In asset 'None', there is an enum property of type 'E_WeaponBonusType' with an invalid value of 'E_WeaponBonusType::NewEnumerator2'
[2017.04.10-18.37.34:554][271]LogEnum:Warning: In asset 'None', there is an enum property of type 'E_WeaponBonusType' with an invalid value of 'NewEnumerator0'
[2017.04.10-18.37.34:554][271]LogEnum:Warning: In asset 'None', there is an enum property of type 'E_WeaponBonusType' with an invalid value of 'NewEnumerator0'
[2017.04.10-18.37.34:554][271]LogEnum:Warning: In asset 'None', there is an enum property of type 'E_WeaponBonusType' with an invalid value of 'NewEnumerator0'
[2017.04.10-18.37.34:554][271]LogEnum:Warning: In asset 'None', there is an enum property of type 'E_WeaponBonusType' with an invalid value of 'NewEnumerator0'
[2017.04.10-18.37.35:286][358]LogEnum:Warning: In asset 'None', there is an enum property of type 'E_WeaponBonusType' with an invalid value of 'E_WeaponBonusType::NewEnumerator3'
[2017.04.10-18.37.35:291][358]LogEnum:Warning: In asset 'None', there is an enum property of type 'E_WeaponBonusType' with an invalid value of '(INVALID)'
[2017.04.10-18.37.35:291][358]LogEnum:Warning: In asset 'None', there is an enum property of type 'E_WeaponBonusType' with an invalid value of '(INVALID)'
[2017.04.10-18.37.35:291][358]LogEnum:Warning: In asset 'None', there is an enum property of type 'E_WeaponBonusType' with an invalid value of '(INVALID)'
[2017.04.10-18.37.35:291][358]LogEnum:Warning: In asset 'None', there is an enum property of type 'E_WeaponBonusType' with an invalid value of '(INVALID)'
[2017.04.10-18.37.41:935][154]LogEnum:Warning: In asset 'None', there is an enum property of type 'E_WeaponBonusType' with an invalid value of '(INVALID)'
[2017.04.10-18.37.41:935][154]LogEnum:Warning: In asset 'None', there is an enum property of type 'E_WeaponBonusType' with an invalid value of '(INVALID)'
[2017.04.10-18.37.41:935][154]LogEnum:Warning: In asset 'None', there is an enum property of type 'E_WeaponBonusType' with an invalid value of '(INVALID)'
[2017.04.10-18.37.41:935][154]LogEnum:Warning: In asset 'None', there is an enum property of type 'E_WeaponBonusType' with an invalid value of '(INVALID)'
[2017.04.10-18.38.25:310][616]LogEnum:Warning: In asset 'None', there is an enum property of type 'E_WeaponBonusType' with an invalid value of 'E_WeaponBonusType::NewEnumerator4'
[2017.04.10-18.38.25:314][616]LogEnum:Warning: In asset 'None', there is an enum property of type 'E_WeaponBonusType' with an invalid value of '(INVALID)'
[2017.04.10-18.38.25:314][616]LogEnum:Warning: In asset 'None', there is an enum property of type 'E_WeaponBonusType' with an invalid value of '(INVALID)'
[2017.04.10-18.38.25:314][616]LogEnum:Warning: In asset 'None', there is an enum property of type 'E_WeaponBonusType' with an invalid value of '(INVALID)'
[2017.04.10-18.38.25:314][616]LogEnum:Warning: In asset 'None', there is an enum property of type 'E_WeaponBonusType' with an invalid value of '(INVALID)'
[2017.04.10-18.38.35:380][821]LogEnum:Warning: In asset 'None', there is an enum property of type 'E_WeaponBonusType' with an invalid value of '(INVALID)'
[2017.04.10-18.38.35:380][821]LogEnum:Warning: In asset 'None', there is an enum property of type 'E_WeaponBonusType' with an invalid value of '(INVALID)'
[2017.04.10-18.38.35:380][821]LogEnum:Warning: In asset 'None', there is an enum property of type 'E_WeaponBonusType' with an invalid value of '(INVALID)'
[2017.04.10-18.38.35:380][821]LogEnum:Warning: In asset 'None', there is an enum property of type 'E_WeaponBonusType' with an invalid value of '(INVALID)'
[2017.04.10-18.38.43:683][955]Cmd: OBJ SAVEPACKAGE PACKAGE="/Game/Blueprints/E_WeaponBonusType" FILE="D:/UEProjects/project_panties/Content/Blueprints/E_WeaponBonusType.uasset" SILENT=true
[2017.04.10-18.38.43:726][955]LogSavePackage: Save=0.97ms
[2017.04.10-18.38.43:726][955]LogSavePackage: Moving 'D:/UEProjects/project_panties/Saved/E_WeaponBonusTypeC0B3073E4A23356ABF4295BFA18FA6A6.tmp' to 'D:/UEProjects/project_panties/Content/Blueprints/E_WeaponBonusType.uasset'
[2017.04.10-18.38.43:727][955]LogSavePackage:Display: Finished SavePackage D:/UEProjects/project_panties/Content/Blueprints/E_WeaponBonusType.uasset
[2017.04.10-18.39.26:130][987]LogEnum:Warning: In asset 'None', there is an enum property of type 'E_WeaponBonusType' with an invalid value of 'E_WeaponBonusType::NewEnumerator5'
[2017.04.10-18.39.26:136][987]LogEnum:Warning: In asset 'None', there is an enum property of type 'E_WeaponBonusType' with an invalid value of '(INVALID)'
[2017.04.10-18.39.26:136][987]LogEnum:Warning: In asset 'None', there is an enum property of type 'E_WeaponBonusType' with an invalid value of '(INVALID)'
[2017.04.10-18.39.26:136][987]LogEnum:Warning: In asset 'None', there is an enum property of type 'E_WeaponBonusType' with an invalid value of '(INVALID)'
[2017.04.10-18.39.26:136][987]LogEnum:Warning: In asset 'None', there is an enum property of type 'E_WeaponBonusType' with an invalid value of '(INVALID)'
[2017.04.10-18.39.36:926][280]LogEnum:Warning: In asset 'None', there is an enum property of type 'E_WeaponBonusType' with an invalid value of '(INVALID)'
[2017.04.10-18.39.36:926][280]LogEnum:Warning: In asset 'None', there is an enum property of type 'E_WeaponBonusType' with an invalid value of '(INVALID)'
[2017.04.10-18.39.36:926][280]LogEnum:Warning: In asset 'None', there is an enum property of type 'E_WeaponBonusType' with an invalid value of '(INVALID)'
[2017.04.10-18.39.36:927][280]LogEnum:Warning: In asset 'None', there is an enum property of type 'E_WeaponBonusType' with an invalid value of '(INVALID)'
[2017.04.10-18.39.38:502][465]Cmd: OBJ SAVEPACKAGE PACKAGE="/Game/Blueprints/E_WeaponBonusType" FILE="D:/UEProjects/project_panties/Content/Blueprints/E_WeaponBonusType.uasset" SILENT=true
[2017.04.10-18.39.38:508][465]LogSavePackage: Save=0.56ms
[2017.04.10-18.39.38:508][465]LogSavePackage: Moving 'D:/UEProjects/project_panties/Saved/E_WeaponBonusType125131034AC003DBDB68EEBCA922DBAB.tmp' to 'D:/UEProjects/project_panties/Content/Blueprints/E_WeaponBonusType.uasset'
[2017.04.10-18.39.38:509][465]LogSavePackage:Display: Finished SavePackage D:/UEProjects/project_panties/Content/Blueprints/E_WeaponBonusType.uasset
[2017.04.10-18.41.22:031][ 26]LogActorComponent: UnregisterComponent: (/Engine/Transient.EditorFloorComp) Not registered. Aborting.
[2017.04.10-18.41.51:098][426]BlueprintLog: New page: Compile BP_Weapon
[2017.04.10-18.42.17:556][384]LogRenderer: Reallocating scene render targets to support 1144x744 NumSamples 1 (Frame:50105).
[2017.04.10-18.42.42:627][246]LogSlate: Took 0.000946 seconds to synchronously load lazily loaded font '../../../Engine/Content/Editor/Slate/Fonts/Roboto-BoldCondensedItalic.ttf' (160K)
[2017.04.10-18.42.45:284][562]BlueprintLog: New page: Compile BP_SaveGame
[2017.04.10-18.43.17:227][168]BlueprintLog: New page: Compile BP_FPSController
[2017.04.10-18.43.17:400][168]BlueprintEditorCompileResults: Info 'ReturnValue' is already a 'BP Save Game', you don't need  Cast To BP_SaveGame .
[2017.04.10-18.43.46:883][606]BlueprintLog: New page: Compile BP_FPSController
[2017.04.10-18.43.47:054][606]BlueprintEditorCompileResults: Info 'ReturnValue' is already a 'BP Save Game', you don't need  Cast To BP_SaveGame .
[2017.04.10-18.43.47:500][647]Cmd: OBJ SAVEPACKAGE PACKAGE="/Game/Blueprints/Core/BP_FPSController" FILE="D:/UEProjects/project_panties/Content/Blueprints/Core/BP_FPSController.uasset" SILENT=true
[2017.04.10-18.43.47:539][647]LogSavePackage: Save=32.93ms
[2017.04.10-18.43.47:539][647]LogSavePackage: Moving 'D:/UEProjects/project_panties/Saved/BP_FPSControllerA30E8B5042D61D8A69F86E935123D454.tmp' to 'D:/UEProjects/project_panties/Content/Blueprints/Core/BP_FPSController.uasset'
[2017.04.10-18.43.47:540][647]LogSavePackage:Display: Finished SavePackage D:/UEProjects/project_panties/Content/Blueprints/Core/BP_FPSController.uasset
[2017.04.10-18.45.09:999][ 36]BlueprintLog: New page: Compile BP_Weapon
[2017.04.10-18.48.18:368][278]LogFileHelpers: Editor autosave (incl. sublevels) for '/Game/Scenes/TestScene' took 0.018
[2017.04.10-18.48.18:371][278]OBJ SavePackage: Generating thumbnails for [0] asset(s) in package [/Game/Blueprints/BP_Weapon] ([1] browsable assets)...
[2017.04.10-18.48.18:371][278]OBJ SavePackage: Finished generating thumbnails for package [/Game/Blueprints/BP_Weapon]
[2017.04.10-18.48.18:372][278]Cmd: OBJ SAVEPACKAGE PACKAGE="/Game/Blueprints/BP_Weapon" FILE="D:/UEProjects/project_panties/Saved/Autosaves/Game/Blueprints/BP_Weapon_Auto1.uasset" SILENT=false AUTOSAVING=true
[2017.04.10-18.48.18:397][278]LogSavePackage: Save=20.92ms
[2017.04.10-18.48.18:397][278]LogSavePackage: Moving 'D:/UEProjects/project_panties/Saved/BP_Weapon_Auto107F44AF74556FED4C7137BAD5B761BF8.tmp' to 'D:/UEProjects/project_panties/Saved/Autosaves/Game/Blueprints/BP_Weapon_Auto1.uasset'
[2017.04.10-18.48.18:398][278]LogSavePackage:Display: Finished SavePackage D:/UEProjects/project_panties/Saved/Autosaves/Game/Blueprints/BP_Weapon_Auto1.uasset
[2017.04.10-18.48.18:398][278]OBJ SavePackage: Generating thumbnails for [0] asset(s) in package [/Game/Blueprints/Core/BP_SaveGame] ([1] browsable assets)...
[2017.04.10-18.48.18:398][278]OBJ SavePackage: Finished generating thumbnails for package [/Game/Blueprints/Core/BP_SaveGame]
[2017.04.10-18.48.18:398][278]Cmd: OBJ SAVEPACKAGE PACKAGE="/Game/Blueprints/Core/BP_SaveGame" FILE="D:/UEProjects/project_panties/Saved/Autosaves/Game/Blueprints/Core/BP_SaveGame_Auto1.uasset" SILENT=false AUTOSAVING=true
[2017.04.10-18.48.18:405][278]LogSavePackage: Save=1.57ms
[2017.04.10-18.48.18:405][278]LogSavePackage: Moving 'D:/UEProjects/project_panties/Saved/BP_SaveGame_Auto13F6E7BF340DA72AC5C6DCCA00D88868E.tmp' to 'D:/UEProjects/project_panties/Saved/Autosaves/Game/Blueprints/Core/BP_SaveGame_Auto1.uasset'
[2017.04.10-18.48.18:406][278]LogSavePackage:Display: Finished SavePackage D:/UEProjects/project_panties/Saved/Autosaves/Game/Blueprints/Core/BP_SaveGame_Auto1.uasset
[2017.04.10-18.48.18:406][278]LogFileHelpers: Auto-saving content packages took 0.037
[2017.04.10-18.52.54:407][ 71]Cmd: OBJ SAVEPACKAGE PACKAGE="/Game/Blueprints/S_WeaponComponent" FILE="D:/UEProjects/project_panties/Content/Blueprints/S_WeaponComponent.uasset" SILENT=true
[2017.04.10-18.52.54:413][ 71]LogSavePackage: Save=0.97ms
[2017.04.10-18.52.54:413][ 71]LogSavePackage: Moving 'D:/UEProjects/project_panties/Saved/S_WeaponComponent38707279486581B1504AD4AE3E1653B5.tmp' to 'D:/UEProjects/project_panties/Content/Blueprints/S_WeaponComponent.uasset'
[2017.04.10-18.52.54:414][ 71]LogSavePackage:Display: Finished SavePackage D:/UEProjects/project_panties/Content/Blueprints/S_WeaponComponent.uasset
[2017.04.10-18.53.23:895][553]BlueprintLog: New page: Compile BP_Weapon
[2017.04.10-18.53.27:893][992]LogActorComponent: UnregisterComponent: (/Engine/Transient.EditorFloorComp) Not registered. Aborting.
[2017.04.10-18.54.32:797][581]BlueprintLog: New page: Compile BP_Weapon
[2017.04.10-18.57.24:789][715]LogTemp: Dropped BulletSpeed on Category Base Params
[2017.04.10-18.58.01:647][927]BlueprintLog: New page: Compile BP_Weapon
[2017.04.10-18.58.01:672][927]LogBlueprint:Warning: [Compiler BP_Weapon] Warning  Sequence  has no valid output
[2017.04.10-18.58.01:855][927]BlueprintEditorCompileResults:Warning: Warning  Sequence  has no valid output
[2017.04.10-18.58.01:855][927]LogBlueprint:Warning: [Compiler BP_Weapon] Warning [1556.10] Compile of BP_Weapon successful, but with 1 Warning(s) [in 207 ms] (/Game/Blueprints/BP_Weapon.BP_Weapon)
[2017.04.10-18.58.12:320][ 96]BlueprintLog: New page: Compile BP_Weapon
[2017.04.10-18.58.12:344][ 96]LogBlueprint:Warning: [Compiler BP_Weapon] Warning  Sequence  has no valid output
[2017.04.10-18.58.12:426][ 96]BlueprintEditorCompileResults:Warning: Warning  Sequence  has no valid output
[2017.04.10-18.58.12:426][ 96]LogBlueprint:Warning: [Compiler BP_Weapon] Warning [1566.67] Compile of BP_Weapon successful, but with 1 Warning(s) [in 106 ms] (/Game/Blueprints/BP_Weapon.BP_Weapon)
[2017.04.10-18.58.23:536][320]BlueprintLog: New page: Compile BP_Weapon
[2017.04.10-18.58.33:344][401]BlueprintLog: New page: Compile BP_Weapon
[2017.04.10-19.00.31:628][249]BlueprintLog: New page: Compile BP_Weapon
[2017.04.10-19.02.11:779][623]LogFileHelpers: Editor autosave (incl. sublevels) for '/Game/Scenes/TestScene' took 0.013
[2017.04.10-19.02.11:780][623]OBJ SavePackage: Generating thumbnails for [0] asset(s) in package [/Game/Blueprints/BP_Weapon] ([1] browsable assets)...
[2017.04.10-19.02.11:780][623]OBJ SavePackage: Finished generating thumbnails for package [/Game/Blueprints/BP_Weapon]
[2017.04.10-19.02.11:780][623]Cmd: OBJ SAVEPACKAGE PACKAGE="/Game/Blueprints/BP_Weapon" FILE="D:/UEProjects/project_panties/Saved/Autosaves/Game/Blueprints/BP_Weapon_Auto2.uasset" SILENT=false AUTOSAVING=true
[2017.04.10-19.02.11:817][623]LogSavePackage: Save=31.86ms
[2017.04.10-19.02.11:817][623]LogSavePackage: Moving 'D:/UEProjects/project_panties/Saved/BP_Weapon_Auto24158983F4998B985F177A38E94D82E8D.tmp' to 'D:/UEProjects/project_panties/Saved/Autosaves/Game/Blueprints/BP_Weapon_Auto2.uasset'
[2017.04.10-19.02.11:818][623]LogSavePackage:Display: Finished SavePackage D:/UEProjects/project_panties/Saved/Autosaves/Game/Blueprints/BP_Weapon_Auto2.uasset
[2017.04.10-19.02.11:818][623]OBJ SavePackage: Generating thumbnails for [0] asset(s) in package [/Game/Blueprints/DB_WeaponComponents] ([1] browsable assets)...
[2017.04.10-19.02.11:818][623]OBJ SavePackage: Finished generating thumbnails for package [/Game/Blueprints/DB_WeaponComponents]
[2017.04.10-19.02.11:818][623]Cmd: OBJ SAVEPACKAGE PACKAGE="/Game/Blueprints/DB_WeaponComponents" FILE="D:/UEProjects/project_panties/Saved/Autosaves/Game/Blueprints/DB_WeaponComponents_Auto2.uasset" SILENT=false AUTOSAVING=true
[2017.04.10-19.02.11:825][623]LogSavePackage: Save=0.68ms
[2017.04.10-19.02.11:825][623]LogSavePackage: Moving 'D:/UEProjects/project_panties/Saved/DB_WeaponComponents_Auto25AFF3409481D08148BFF959D8D0D38E2.tmp' to 'D:/UEProjects/project_panties/Saved/Autosaves/Game/Blueprints/DB_WeaponComponents_Auto2.uasset'
[2017.04.10-19.02.11:825][623]LogSavePackage:Display: Finished SavePackage D:/UEProjects/project_panties/Saved/Autosaves/Game/Blueprints/DB_WeaponComponents_Auto2.uasset
[2017.04.10-19.02.11:825][623]LogFileHelpers: Auto-saving content packages took 0.046
[2017.04.10-19.02.36:081][204]BlueprintLog: New page: Compile BP_Weapon
[2017.04.10-19.02.37:047][297]Cmd: OBJ SAVEPACKAGE PACKAGE="/Game/Blueprints/BP_Weapon" FILE="D:/UEProjects/project_panties/Content/Blueprints/BP_Weapon.uasset" SILENT=true
[2017.04.10-19.02.37:081][297]LogSavePackage: Save=28.52ms
[2017.04.10-19.02.37:081][297]LogSavePackage: Moving 'D:/UEProjects/project_panties/Saved/BP_Weapon2CC2A3A04111C4CF01B968B5C48FDE6E.tmp' to 'D:/UEProjects/project_panties/Content/Blueprints/BP_Weapon.uasset'
[2017.04.10-19.02.37:082][297]LogSavePackage:Display: Finished SavePackage D:/UEProjects/project_panties/Content/Blueprints/BP_Weapon.uasset
[2017.04.10-19.03.13:622][204]BlueprintLog: New page: Compile BP_MainCharacter
[2017.04.10-19.05.14:762][347]BlueprintLog: New page: Compile BP_Weapon
[2017.04.10-19.06.48:996][ 69]BlueprintLog: New page: Compile BP_Weapon
[2017.04.10-19.06.51:156][275]BlueprintLog: New page: Compile BP_Weapon
[2017.04.10-19.07.27:528][314]BlueprintLog: New page: Compile BP_MainCharacter
[2017.04.10-19.07.36:279][239]BlueprintLog: New page: Compile BP_Weapon
[2017.04.10-19.07.39:436][596]LogTemp: Repeting last play command: Selected Viewport
[2017.04.10-19.07.39:450][596]BlueprintLog: New page: Pre-Play auto-recompile
[2017.04.10-19.07.39:450][596]LogPlayLevel: [PlayLevel] Compiling PROTO_BP_AnimBlueprint_0 before play...
[2017.04.10-19.07.39:528][596]LogPlayLevel: PlayLevel: Blueprint regeneration took 78 ms (1 blueprints)
[2017.04.10-19.07.39:531][596]PIE: New page: PIE session: TestScene (Apr 11, 2017, 1:07:39 AM)
[2017.04.10-19.07.39:531][596]LogPlayLevel: Creating play world package: /Game/Scenes/UEDPIE_0_TestScene
[2017.04.10-19.07.39:534][596]LogPlayLevel: PIE: StaticDuplicateObject took: (0.003025s)
[2017.04.10-19.07.39:534][596]LogAIModule: Creating AISystem for world TestScene
[2017.04.10-19.07.39:535][596]LogPlayLevel: PIE: World Init took: (0.000523s)
[2017.04.10-19.07.39:535][596]LogPlayLevel: PIE: Created PIE world by copying editor world from /Game/Scenes/TestScene.TestScene to /Game/Scenes/UEDPIE_0_TestScene.TestScene (0.003903s)
[2017.04.10-19.07.39:555][596]LogInit: XAudio2 using '2 - ASUS VG27A (AMD High Definition Audio Device)' : 2 channels at 48 kHz using 16 bits per sample (channel mask 0x3)
[2017.04.10-19.07.39:564][596]LogInit: FAudioDevice initialized.
[2017.04.10-19.07.39:638][596]LogLoad: Game class is 'BP_FPSMode_C'
[2017.04.10-19.07.39:640][596]LogWorld: Bringing World /Game/Scenes/UEDPIE_0_TestScene.TestScene up for play (max tick rate 0) at 2017.04.10-22.07.39
[2017.04.10-19.07.39:641][596]LogWorld: Bringing up level for play took: 0.001169
[2017.04.10-19.07.39:678][596]LogContentBrowser: Native class hierarchy updated for 'MovieSceneCapture' in 0.0006 seconds. Added 11 classes and 0 folders.
[2017.04.10-19.07.39:678][596]LogGameMode:Display: Match State Changed from EnteringMap to WaitingToStart
[2017.04.10-19.07.39:678][596]LogGameState: Match State Changed from EnteringMap to WaitingToStart
[2017.04.10-19.07.39:678][596]LogGameMode:Display: Match State Changed from WaitingToStart to InProgress
[2017.04.10-19.07.39:706][596]LogGameState: Match State Changed from WaitingToStart to InProgress
[2017.04.10-19.07.39:706][596]PIE: Info Play in editor start time for /Game/Scenes/UEDPIE_0_TestScene 0.357
[2017.04.10-19.08.24:789][592]BlueprintLog: New page: Compile BP_MainCharacter
[2017.04.10-19.09.02:828][851]Cmd: OBJ SAVEPACKAGE PACKAGE="/Game/Blueprints/BP_Weapon" FILE="D:/UEProjects/project_panties/Content/Blueprints/BP_Weapon.uasset" SILENT=true
[2017.04.10-19.09.02:864][851]LogSavePackage: Save=30.39ms
[2017.04.10-19.09.02:864][851]LogSavePackage: Moving 'D:/UEProjects/project_panties/Saved/BP_WeaponA6A3086340AAA8CF3A3062907928D069.tmp' to 'D:/UEProjects/project_panties/Content/Blueprints/BP_Weapon.uasset'
[2017.04.10-19.09.02:865][851]LogSavePackage:Display: Finished SavePackage D:/UEProjects/project_panties/Content/Blueprints/BP_Weapon.uasset
[2017.04.10-19.09.03:821][962]LogTemp: Repeting last play command: Selected Viewport
[2017.04.10-19.09.03:834][962]BlueprintLog: New page: Pre-Play auto-recompile
[2017.04.10-19.09.03:834][962]LogPlayLevel: [PlayLevel] Compiling BP_FPSController before play...
[2017.04.10-19.09.04:026][962]LogPlayLevel: PlayLevel: Blueprint regeneration took 191 ms (1 blueprints)
[2017.04.10-19.09.04:026][962]PIE: New page: PIE session: TestScene (Apr 11, 2017, 1:09:04 AM)
[2017.04.10-19.09.04:026][962]LogPlayLevel: Creating play world package: /Game/Scenes/UEDPIE_0_TestScene
[2017.04.10-19.09.04:029][962]LogPlayLevel: PIE: StaticDuplicateObject took: (0.002874s)
[2017.04.10-19.09.04:030][962]LogAIModule: Creating AISystem for world TestScene
[2017.04.10-19.09.04:031][962]LogPlayLevel: PIE: World Init took: (0.001637s)
[2017.04.10-19.09.04:031][962]LogPlayLevel: PIE: Created PIE world by copying editor world from /Game/Scenes/TestScene.TestScene to /Game/Scenes/UEDPIE_0_TestScene.TestScene (0.004724s)
[2017.04.10-19.09.04:053][962]LogInit: XAudio2 using '2 - ASUS VG27A (AMD High Definition Audio Device)' : 2 channels at 48 kHz using 16 bits per sample (channel mask 0x3)
[2017.04.10-19.09.04:060][962]LogInit: FAudioDevice initialized.
[2017.04.10-19.09.04:090][962]LogLoad: Game class is 'BP_FPSMode_C'
[2017.04.10-19.09.04:091][962]LogWorld: Bringing World /Game/Scenes/UEDPIE_0_TestScene.TestScene up for play (max tick rate 0) at 2017.04.10-22.09.04
[2017.04.10-19.09.04:091][962]LogWorld: Bringing up level for play took: 0.000915
[2017.04.10-19.09.04:092][962]LogGameMode:Display: Match State Changed from EnteringMap to WaitingToStart
[2017.04.10-19.09.04:092][962]LogGameState: Match State Changed from EnteringMap to WaitingToStart
[2017.04.10-19.09.04:092][962]LogGameMode:Display: Match State Changed from WaitingToStart to InProgress
[2017.04.10-19.09.04:093][962]LogBlueprintDebug:Warning: Hit breakpoint on node 'CallFunc_UpdateWeaponComponents', from offset 285
[2017.04.10-19.09.04:093][962]LogBlueprintDebug: 
Script call stack:
	Function /Game/Blueprints/Core/BP_FPSController.BP_FPSController_C:ReceiveBeginPlay
	Function /Game/Blueprints/Core/BP_FPSController.BP_FPSController_C:ExecuteUbergraph_BP_FPSController
	Function /Game/Blueprints/Core/BP_FPSController.BP_FPSController_C:LoadWeapon

[2017.04.10-19.09.09:759][962]LogGameState: Match State Changed from WaitingToStart to InProgress
[2017.04.10-19.09.09:759][962]PIE: Info Play in editor start time for /Game/Scenes/UEDPIE_0_TestScene 6.413
[2017.04.10-19.09.27:042][962]LogTemp: Repeting last play command: Selected Viewport
[2017.04.10-19.09.27:057][962]LogPlayLevel: PlayLevel: No blueprints needed recompiling
[2017.04.10-19.09.27:057][962]PIE: New page: PIE session: TestScene (Apr 11, 2017, 1:09:27 AM)
[2017.04.10-19.09.27:057][962]LogPlayLevel: Creating play world package: /Game/Scenes/UEDPIE_0_TestScene
[2017.04.10-19.09.27:059][962]LogPlayLevel: PIE: StaticDuplicateObject took: (0.002217s)
[2017.04.10-19.09.27:059][962]LogAIModule: Creating AISystem for world TestScene
[2017.04.10-19.09.27:060][962]LogPlayLevel: PIE: World Init took: (0.000518s)
[2017.04.10-19.09.27:060][962]LogPlayLevel: PIE: Created PIE world by copying editor world from /Game/Scenes/TestScene.TestScene to /Game/Scenes/UEDPIE_0_TestScene.TestScene (0.002902s)
[2017.04.10-19.09.27:082][962]LogInit: XAudio2 using '2 - ASUS VG27A (AMD High Definition Audio Device)' : 2 channels at 48 kHz using 16 bits per sample (channel mask 0x3)
[2017.04.10-19.09.27:088][962]LogInit: FAudioDevice initialized.
[2017.04.10-19.09.27:117][962]LogLoad: Game class is 'BP_FPSMode_C'
[2017.04.10-19.09.27:118][962]LogWorld: Bringing World /Game/Scenes/UEDPIE_0_TestScene.TestScene up for play (max tick rate 0) at 2017.04.10-22.09.27
[2017.04.10-19.09.27:118][962]LogWorld: Bringing up level for play took: 0.000944
[2017.04.10-19.09.27:119][962]LogGameMode:Display: Match State Changed from EnteringMap to WaitingToStart
[2017.04.10-19.09.27:119][962]LogGameState: Match State Changed from EnteringMap to WaitingToStart
[2017.04.10-19.09.27:119][962]LogGameMode:Display: Match State Changed from WaitingToStart to InProgress
[2017.04.10-19.09.27:122][962]LogGameState: Match State Changed from WaitingToStart to InProgress
[2017.04.10-19.09.27:122][962]PIE: Info Play in editor start time for /Game/Scenes/UEDPIE_0_TestScene -0.225
[2017.04.10-19.09.53:616][971]LogTemp: Repeting last play command: Selected Viewport
[2017.04.10-19.09.53:629][971]LogPlayLevel: PlayLevel: No blueprints needed recompiling
[2017.04.10-19.09.53:629][971]PIE: New page: PIE session: TestScene (Apr 11, 2017, 1:09:53 AM)
[2017.04.10-19.09.53:629][971]LogPlayLevel: Creating play world package: /Game/Scenes/UEDPIE_0_TestScene
[2017.04.10-19.09.53:631][971]LogPlayLevel: PIE: StaticDuplicateObject took: (0.002026s)
[2017.04.10-19.09.53:632][971]LogAIModule: Creating AISystem for world TestScene
[2017.04.10-19.09.53:632][971]LogPlayLevel: PIE: World Init took: (0.000510s)
[2017.04.10-19.09.53:632][971]LogPlayLevel: PIE: Created PIE world by copying editor world from /Game/Scenes/TestScene.TestScene to /Game/Scenes/UEDPIE_0_TestScene.TestScene (0.002694s)
[2017.04.10-19.09.53:654][971]LogInit: XAudio2 using '2 - ASUS VG27A (AMD High Definition Audio Device)' : 2 channels at 48 kHz using 16 bits per sample (channel mask 0x3)
[2017.04.10-19.09.53:661][971]LogInit: FAudioDevice initialized.
[2017.04.10-19.09.53:693][971]LogLoad: Game class is 'BP_FPSMode_C'
[2017.04.10-19.09.53:694][971]LogWorld: Bringing World /Game/Scenes/UEDPIE_0_TestScene.TestScene up for play (max tick rate 0) at 2017.04.10-22.09.53
[2017.04.10-19.09.53:694][971]LogWorld: Bringing up level for play took: 0.000750
[2017.04.10-19.09.53:695][971]LogGameMode:Display: Match State Changed from EnteringMap to WaitingToStart
[2017.04.10-19.09.53:695][971]LogGameState: Match State Changed from EnteringMap to WaitingToStart
[2017.04.10-19.09.53:695][971]LogGameMode:Display: Match State Changed from WaitingToStart to InProgress
[2017.04.10-19.09.53:698][971]LogGameState: Match State Changed from WaitingToStart to InProgress
[2017.04.10-19.09.53:698][971]PIE: Info Play in editor start time for /Game/Scenes/UEDPIE_0_TestScene 0.351
[2017.04.10-19.10.43:384][651]BlueprintLog: New page: Compile BP_FPSController
[2017.04.10-19.10.43:578][651]BlueprintEditorCompileResults: Info 'ReturnValue' is already a 'BP Save Game', you don't need  Cast To BP_SaveGame .
[2017.04.10-19.10.43:960][685]Cmd: OBJ SAVEPACKAGE PACKAGE="/Game/Blueprints/Core/BP_FPSController" FILE="D:/UEProjects/project_panties/Content/Blueprints/Core/BP_FPSController.uasset" SILENT=true
[2017.04.10-19.10.44:000][685]LogSavePackage: Save=33.31ms
[2017.04.10-19.10.44:000][685]LogSavePackage: Moving 'D:/UEProjects/project_panties/Saved/BP_FPSControllerEB42FEFB464F15A4D8D1B18828BF0872.tmp' to 'D:/UEProjects/project_panties/Content/Blueprints/Core/BP_FPSController.uasset'
[2017.04.10-19.10.44:000][685]LogSavePackage:Display: Finished SavePackage D:/UEProjects/project_panties/Content/Blueprints/Core/BP_FPSController.uasset
[2017.04.10-19.10.45:027][805]LogTemp: Repeting last play command: Selected Viewport
[2017.04.10-19.10.45:041][805]LogPlayLevel: PlayLevel: No blueprints needed recompiling
[2017.04.10-19.10.45:041][805]PIE: New page: PIE session: TestScene (Apr 11, 2017, 1:10:45 AM)
[2017.04.10-19.10.45:041][805]LogPlayLevel: Creating play world package: /Game/Scenes/UEDPIE_0_TestScene
[2017.04.10-19.10.45:043][805]LogPlayLevel: PIE: StaticDuplicateObject took: (0.002039s)
[2017.04.10-19.10.45:043][805]LogAIModule: Creating AISystem for world TestScene
[2017.04.10-19.10.45:043][805]LogPlayLevel: PIE: World Init took: (0.000516s)
[2017.04.10-19.10.45:043][805]LogPlayLevel: PIE: Created PIE world by copying editor world from /Game/Scenes/TestScene.TestScene to /Game/Scenes/UEDPIE_0_TestScene.TestScene (0.002710s)
[2017.04.10-19.10.45:066][805]LogInit: XAudio2 using '2 - ASUS VG27A (AMD High Definition Audio Device)' : 2 channels at 48 kHz using 16 bits per sample (channel mask 0x3)
[2017.04.10-19.10.45:073][805]LogInit: FAudioDevice initialized.
[2017.04.10-19.10.45:099][805]LogLoad: Game class is 'BP_FPSMode_C'
[2017.04.10-19.10.45:100][805]LogWorld: Bringing World /Game/Scenes/UEDPIE_0_TestScene.TestScene up for play (max tick rate 0) at 2017.04.10-22.10.45
[2017.04.10-19.10.45:100][805]LogWorld: Bringing up level for play took: 0.000949
[2017.04.10-19.10.45:101][805]LogGameMode:Display: Match State Changed from EnteringMap to WaitingToStart
[2017.04.10-19.10.45:101][805]LogGameState: Match State Changed from EnteringMap to WaitingToStart
[2017.04.10-19.10.45:101][805]LogGameMode:Display: Match State Changed from WaitingToStart to InProgress
[2017.04.10-19.10.45:104][805]LogGameState: Match State Changed from WaitingToStart to InProgress
[2017.04.10-19.10.45:104][805]PIE: Info Play in editor start time for /Game/Scenes/UEDPIE_0_TestScene -0.241
[2017.04.10-19.11.12:988][881]LogTemp: Repeting last play command: Selected Viewport
[2017.04.10-19.11.13:001][881]LogPlayLevel: PlayLevel: No blueprints needed recompiling
[2017.04.10-19.11.13:002][881]PIE: New page: PIE session: TestScene (Apr 11, 2017, 1:11:13 AM)
[2017.04.10-19.11.13:002][881]LogPlayLevel: Creating play world package: /Game/Scenes/UEDPIE_0_TestScene
[2017.04.10-19.11.13:004][881]LogPlayLevel: PIE: StaticDuplicateObject took: (0.002058s)
[2017.04.10-19.11.13:004][881]LogAIModule: Creating AISystem for world TestScene
[2017.04.10-19.11.13:004][881]LogPlayLevel: PIE: World Init took: (0.000478s)
[2017.04.10-19.11.13:004][881]LogPlayLevel: PIE: Created PIE world by copying editor world from /Game/Scenes/TestScene.TestScene to /Game/Scenes/UEDPIE_0_TestScene.TestScene (0.002692s)
[2017.04.10-19.11.13:027][881]LogInit: XAudio2 using '2 - ASUS VG27A (AMD High Definition Audio Device)' : 2 channels at 48 kHz using 16 bits per sample (channel mask 0x3)
[2017.04.10-19.11.13:035][881]LogInit: FAudioDevice initialized.
[2017.04.10-19.11.13:066][881]LogLoad: Game class is 'BP_FPSMode_C'
[2017.04.10-19.11.13:067][881]LogWorld: Bringing World /Game/Scenes/UEDPIE_0_TestScene.TestScene up for play (max tick rate 0) at 2017.04.10-22.11.13
[2017.04.10-19.11.13:068][881]LogWorld: Bringing up level for play took: 0.000758
[2017.04.10-19.11.13:068][881]LogGameMode:Display: Match State Changed from EnteringMap to WaitingToStart
[2017.04.10-19.11.13:068][881]LogGameState: Match State Changed from EnteringMap to WaitingToStart
[2017.04.10-19.11.13:068][881]LogGameMode:Display: Match State Changed from WaitingToStart to InProgress
[2017.04.10-19.11.13:071][881]LogGameState: Match State Changed from WaitingToStart to InProgress
[2017.04.10-19.11.13:071][881]PIE: Info Play in editor start time for /Game/Scenes/UEDPIE_0_TestScene -0.274
[2017.04.10-19.12.06:322][510]BlueprintLog: New page: Compile BP_MainCharacter
[2017.04.10-19.12.06:906][543]Cmd: OBJ SAVEPACKAGE PACKAGE="/Game/Blueprints/Core/BP_MainCharacter" FILE="D:/UEProjects/project_panties/Content/Blueprints/Core/BP_MainCharacter.uasset" SILENT=true
[2017.04.10-19.12.06:950][543]LogSavePackage: Save=38.43ms
[2017.04.10-19.12.06:950][543]LogSavePackage: Moving 'D:/UEProjects/project_panties/Saved/BP_MainCharacterE226C75C42CD1B198D571FBDF1CC5FB9.tmp' to 'D:/UEProjects/project_panties/Content/Blueprints/Core/BP_MainCharacter.uasset'
[2017.04.10-19.12.06:951][543]LogSavePackage:Display: Finished SavePackage D:/UEProjects/project_panties/Content/Blueprints/Core/BP_MainCharacter.uasset
[2017.04.10-19.12.07:880][636]LogTemp: Repeting last play command: Selected Viewport
[2017.04.10-19.12.07:894][636]LogPlayLevel: PlayLevel: No blueprints needed recompiling
[2017.04.10-19.12.07:894][636]PIE: New page: PIE session: TestScene (Apr 11, 2017, 1:12:07 AM)
[2017.04.10-19.12.07:894][636]LogPlayLevel: Creating play world package: /Game/Scenes/UEDPIE_0_TestScene
[2017.04.10-19.12.07:897][636]LogPlayLevel: PIE: StaticDuplicateObject took: (0.002048s)
[2017.04.10-19.12.07:897][636]LogAIModule: Creating AISystem for world TestScene
[2017.04.10-19.12.07:897][636]LogPlayLevel: PIE: World Init took: (0.000514s)
[2017.04.10-19.12.07:897][636]LogPlayLevel: PIE: Created PIE world by copying editor world from /Game/Scenes/TestScene.TestScene to /Game/Scenes/UEDPIE_0_TestScene.TestScene (0.002718s)
[2017.04.10-19.12.07:920][636]LogInit: XAudio2 using '2 - ASUS VG27A (AMD High Definition Audio Device)' : 2 channels at 48 kHz using 16 bits per sample (channel mask 0x3)
[2017.04.10-19.12.07:926][636]LogInit: FAudioDevice initialized.
[2017.04.10-19.12.07:956][636]LogLoad: Game class is 'BP_FPSMode_C'
[2017.04.10-19.12.07:957][636]LogWorld: Bringing World /Game/Scenes/UEDPIE_0_TestScene.TestScene up for play (max tick rate 0) at 2017.04.10-22.12.07
[2017.04.10-19.12.07:957][636]LogWorld: Bringing up level for play took: 0.000954
[2017.04.10-19.12.07:958][636]LogGameMode:Display: Match State Changed from EnteringMap to WaitingToStart
[2017.04.10-19.12.07:958][636]LogGameState: Match State Changed from EnteringMap to WaitingToStart
[2017.04.10-19.12.07:958][636]LogGameMode:Display: Match State Changed from WaitingToStart to InProgress
[2017.04.10-19.12.07:960][636]LogGameState: Match State Changed from WaitingToStart to InProgress
[2017.04.10-19.12.07:960][636]PIE: Info Play in editor start time for /Game/Scenes/UEDPIE_0_TestScene 0.617
[2017.04.10-19.12.21:590][991]Cmd: OBJ SAVEPACKAGE PACKAGE="/Game/Scenes/TestScene" FILE="D:/UEProjects/project_panties/Content/Scenes/TestScene.umap" SILENT=true AUTOSAVING=false KEEPDIRTY=false
[2017.04.10-19.12.21:632][991]LogSavePackage: Save=21.32ms
[2017.04.10-19.12.21:632][991]LogSavePackage: Moving 'D:/UEProjects/project_panties/Saved/TestSceneD5B77A3D4E12E6931CD1D0B6FBDD484E.tmp' to 'D:/UEProjects/project_panties/Content/Scenes/TestScene.umap'
[2017.04.10-19.12.21:633][991]LogSavePackage:Display: Finished SavePackage D:/UEProjects/project_panties/Content/Scenes/TestScene.umap
[2017.04.10-19.12.25:627][250]Cmd: OBJ SAVEPACKAGE PACKAGE="/Game/Blueprints/BP_Weapon" FILE="D:/UEProjects/project_panties/Content/Blueprints/BP_Weapon.uasset" SILENT=true
[2017.04.10-19.12.25:662][250]LogSavePackage: Save=28.72ms
[2017.04.10-19.12.25:662][250]LogSavePackage: Moving 'D:/UEProjects/project_panties/Saved/BP_Weapon61DCE05F408112ACA6DD3E920B545CD7.tmp' to 'D:/UEProjects/project_panties/Content/Blueprints/BP_Weapon.uasset'
[2017.04.10-19.12.25:663][250]LogSavePackage:Display: Finished SavePackage D:/UEProjects/project_panties/Content/Blueprints/BP_Weapon.uasset
[2017.04.10-19.12.25:666][250]Cmd: OBJ SAVEPACKAGE PACKAGE="/Game/Blueprints/Core/BP_SaveGame" FILE="D:/UEProjects/project_panties/Content/Blueprints/Core/BP_SaveGame.uasset" SILENT=true
[2017.04.10-19.12.25:672][250]LogSavePackage: Save=1.72ms
[2017.04.10-19.12.25:672][250]LogSavePackage: Moving 'D:/UEProjects/project_panties/Saved/BP_SaveGame4D47D94943B07752EA9D0A9F17E0B855.tmp' to 'D:/UEProjects/project_panties/Content/Blueprints/Core/BP_SaveGame.uasset'
[2017.04.10-19.12.25:673][250]LogSavePackage:Display: Finished SavePackage D:/UEProjects/project_panties/Content/Blueprints/Core/BP_SaveGame.uasset
[2017.04.10-19.12.25:676][250]Cmd: OBJ SAVEPACKAGE PACKAGE="/Game/Blueprints/DB_WeaponComponents" FILE="D:/UEProjects/project_panties/Content/Blueprints/DB_WeaponComponents.uasset" SILENT=true
[2017.04.10-19.12.25:683][250]LogSavePackage: Save=0.75ms
[2017.04.10-19.12.25:683][250]LogSavePackage: Moving 'D:/UEProjects/project_panties/Saved/DB_WeaponComponentsDF74A3724A9BA0EB1865129D87270FAC.tmp' to 'D:/UEProjects/project_panties/Content/Blueprints/DB_WeaponComponents.uasset'
[2017.04.10-19.12.25:684][250]LogSavePackage:Display: Finished SavePackage D:/UEProjects/project_panties/Content/Blueprints/DB_WeaponComponents.uasset
[2017.04.10-19.12.25:780][250]LogActorComponent: UnregisterComponent: (/Engine/Transient.EditorFloorComp) Not registered. Aborting.
[2017.04.10-19.12.25:826][250]LogActorComponent: UnregisterComponent: (/Engine/Transient.EditorFloorComp) Not registered. Aborting.
[2017.04.10-19.12.25:881][250]LogActorComponent: UnregisterComponent: (/Engine/Transient.EditorFloorComp) Not registered. Aborting.
[2017.04.10-19.12.26:079][251]Cmd: QUIT_EDITOR
[2017.04.10-19.12.26:118][251]LogExit: Preparing to exit.
[2017.04.10-19.12.26:715][251]LogExit: Editor shut down
[2017.04.10-19.12.26:715][251]LogExit: Transaction tracking system shut down
[2017.04.10-19.12.26:800][251]LogObj: Freed 0b from 0 cluster array pools.
[2017.04.10-19.12.26:800][251]LogExit: Object subsystem successfully closed.
[2017.04.10-19.12.26:814][251]LogD3D11RHI: Shutdown
[2017.04.10-19.12.26:814][251]LogD3D11RHI: CleanupD3DDevice
[2017.04.10-19.12.26:835][251]LogD3D11RHI: ~FD3D11DynamicRHI
[2017.04.10-19.12.26:850][251]LogModuleManager: Shutting down and abandoning module MovieSceneCapture (504)
[2017.04.10-19.12.26:850][251]LogModuleManager: Shutting down and abandoning module BlueprintGraph (502)
[2017.04.10-19.12.26:850][251]LogModuleManager: Shutting down and abandoning module BlueprintProfiler (500)
[2017.04.10-19.12.26:850][251]LogModuleManager: Shutting down and abandoning module HierarchicalLODOutliner (498)
[2017.04.10-19.12.26:850][251]LogModuleManager: Shutting down and abandoning module CrashTracker (496)
[2017.04.10-19.12.26:850][251]LogModuleManager: Shutting down and abandoning module SceneOutliner (494)
[2017.04.10-19.12.26:850][251]LogModuleManager: Shutting down and abandoning module AddContentDialog (492)
[2017.04.10-19.12.26:850][251]LogDirectoryWatcher: A directory notification for 'C:/Program Files/Epic Games/UE_4.15/FeaturePacks/' was aborted.
[2017.04.10-19.12.26:851][251]LogModuleManager: Shutting down and abandoning module WidgetCarousel (491)
[2017.04.10-19.12.26:851][251]LogModuleManager: Shutting down and abandoning module EditorWidgets (488)
[2017.04.10-19.12.26:851][251]LogModuleManager: Shutting down and abandoning module CollectionManager (486)
[2017.04.10-19.12.26:851][251]LogDirectoryWatcher: A directory notification for 'D:/UEProjects/project_panties/Content/Collections/' was aborted.
[2017.04.10-19.12.26:851][251]LogDirectoryWatcher: A directory notification for 'D:/UEProjects/project_panties/Content/Developers/User/Collections/' was aborted.
[2017.04.10-19.12.26:851][251]LogDirectoryWatcher: A directory notification for 'D:/UEProjects/project_panties/Saved/Collections/' was aborted.
[2017.04.10-19.12.26:851][251]LogModuleManager: Shutting down and abandoning module StatsViewer (484)
[2017.04.10-19.12.26:851][251]LogModuleManager: Shutting down and abandoning module FoliageEdit (482)
[2017.04.10-19.12.26:851][251]LogModuleManager: Shutting down and abandoning module LandscapeEditor (480)
[2017.04.10-19.12.26:851][251]LogModuleManager: Shutting down and abandoning module SceneDepthPickerMode (478)
[2017.04.10-19.12.26:851][251]LogModuleManager: Shutting down and abandoning module ActorPickerMode (476)
[2017.04.10-19.12.26:851][251]LogModuleManager: Shutting down and abandoning module GeometryMode (474)
[2017.04.10-19.12.26:851][251]LogModuleManager: Shutting down and abandoning module TextureAlignMode (472)
[2017.04.10-19.12.26:851][251]LogModuleManager: Shutting down and abandoning module BspMode (470)
[2017.04.10-19.12.26:851][251]LogModuleManager: Shutting down and abandoning module HardwareSurvey (468)
[2017.04.10-19.12.26:851][251]LogModuleManager: Shutting down and abandoning module SequenceRecorderSections (466)
[2017.04.10-19.12.26:851][251]LogModuleManager: Shutting down and abandoning module AutomationWorker (464)
[2017.04.10-19.12.26:851][251]LogModuleManager: Shutting down and abandoning module MatineeToLevelSequence (462)
[2017.04.10-19.12.26:851][251]LogModuleManager: Shutting down and abandoning module LevelSequenceEditor (460)
[2017.04.10-19.12.26:852][251]LogModuleManager: Shutting down and abandoning module PlacementMode (459)
[2017.04.10-19.12.26:852][251]LogModuleManager: Shutting down and abandoning module WmfMediaFactory (456)
[2017.04.10-19.12.26:852][251]LogModuleManager: Shutting down and abandoning module WmfMediaEditor (454)
[2017.04.10-19.12.26:852][251]LogModuleManager: Shutting down and abandoning module MfMediaFactory (452)
[2017.04.10-19.12.26:852][251]LogModuleManager: Shutting down and abandoning module MfMediaEditor (450)
[2017.04.10-19.12.26:852][251]LogModuleManager: Shutting down and abandoning module AvfMediaFactory (448)
[2017.04.10-19.12.26:852][251]LogModuleManager: Shutting down and abandoning module AvfMediaEditor (446)
[2017.04.10-19.12.26:852][251]LogModuleManager: Shutting down and abandoning module AndroidMediaFactory (444)
[2017.04.10-19.12.26:852][251]LogModuleManager: Shutting down and abandoning module Media (443)
[2017.04.10-19.12.26:852][251]LogModuleManager: Shutting down and abandoning module AndroidMediaEditor (440)
[2017.04.10-19.12.26:852][251]LogModuleManager: Shutting down and abandoning module CharacterAI (438)
[2017.04.10-19.12.26:852][251]LogModuleManager: Shutting down and abandoning module AudioCapture (436)
[2017.04.10-19.12.26:852][251]LogModuleManager: Shutting down and abandoning module SequenceRecorder (435)
[2017.04.10-19.12.26:852][251]LogModuleManager: Shutting down and abandoning module SmartSnapping (432)
[2017.04.10-19.12.26:852][251]LogModuleManager: Shutting down and abandoning module SessionServices (430)
[2017.04.10-19.12.26:852][251]LogModuleManager: Shutting down and abandoning module ViewportSnapping (428)
[2017.04.10-19.12.26:852][251]LogModuleManager: Shutting down and abandoning module ViewportInteraction (426)
[2017.04.10-19.12.26:852][251]LogModuleManager: Shutting down and abandoning module LogVisualizer (424)
[2017.04.10-19.12.26:852][251]LogModuleManager: Shutting down and abandoning module IntroTutorials (422)
[2017.04.10-19.12.26:852][251]LogModuleManager: Shutting down and abandoning module GameProjectGeneration (421)
[2017.04.10-19.12.26:853][251]LogModuleManager: Shutting down and abandoning module EditorLiveStreaming (418)
[2017.04.10-19.12.26:853][251]LogModuleManager: Shutting down and abandoning module IOSPlatformEditor (416)
[2017.04.10-19.12.26:853][251]LogModuleManager: Shutting down and abandoning module HTML5PlatformEditor (414)
[2017.04.10-19.12.26:853][251]LogModuleManager: Shutting down and abandoning module AndroidPlatformEditor (412)
[2017.04.10-19.12.26:853][251]LogModuleManager: Shutting down and abandoning module AndroidDeviceDetection (411)
[2017.04.10-19.12.27:645][251]LogModuleManager: Shutting down and abandoning module IOSRuntimeSettings (408)
[2017.04.10-19.12.27:645][251]LogModuleManager: Shutting down and abandoning module AndroidRuntimeSettings (406)
[2017.04.10-19.12.27:645][251]LogModuleManager: Shutting down and abandoning module InputBindingEditor (404)
[2017.04.10-19.12.27:645][251]LogModuleManager: Shutting down and abandoning module NiagaraEditor (402)
[2017.04.10-19.12.27:648][251]LogModuleManager: Shutting down and abandoning module MergeActors (400)
[2017.04.10-19.12.27:648][251]LogModuleManager: Shutting down and abandoning module SizeMap (398)
[2017.04.10-19.12.27:648][251]LogModuleManager: Shutting down and abandoning module TreeMap (396)
[2017.04.10-19.12.27:648][251]LogModuleManager: Shutting down and abandoning module ReferenceViewer (394)
[2017.04.10-19.12.27:648][251]LogModuleManager: Shutting down and abandoning module LocalizationDashboard (392)
[2017.04.10-19.12.27:648][251]LogModuleManager: Shutting down and abandoning module LocalizationService (391)
[2017.04.10-19.12.27:648][251]LogModuleManager: Shutting down and abandoning module HardwareTargeting (388)
[2017.04.10-19.12.27:648][251]LogModuleManager: Shutting down and abandoning module DeviceProfileEditor (386)
[2017.04.10-19.12.27:649][251]LogModuleManager: Shutting down and abandoning module UndoHistory (384)
[2017.04.10-19.12.27:649][251]LogModuleManager: Shutting down and abandoning module UserFeedback (382)
[2017.04.10-19.12.27:649][251]LogModuleManager: Shutting down and abandoning module XmlParser (380)
[2017.04.10-19.12.27:649][251]LogModuleManager: Shutting down and abandoning module Blutility (378)
[2017.04.10-19.12.27:649][251]LogModuleManager: Shutting down and abandoning module ProjectSettingsViewer (376)
[2017.04.10-19.12.27:649][251]LogModuleManager: Shutting down and abandoning module ProjectTargetPlatformEditor (375)
[2017.04.10-19.12.27:649][251]LogModuleManager: Shutting down and abandoning module EditorSettingsViewer (372)
[2017.04.10-19.12.27:649][251]LogModuleManager: Shutting down and abandoning module SettingsEditor (370)
[2017.04.10-19.12.27:649][251]LogModuleManager: Shutting down and abandoning module ProjectLauncher (368)
[2017.04.10-19.12.27:649][251]LogModuleManager: Shutting down and abandoning module SessionFrontend (366)
[2017.04.10-19.12.27:649][251]LogModuleManager: Shutting down and abandoning module ProfilerClient (364)
[2017.04.10-19.12.27:650][251]LogModuleManager: Shutting down and abandoning module DeviceManager (362)
[2017.04.10-19.12.27:650][251]LogModuleManager: Shutting down and abandoning module TargetDeviceServices (361)
[2017.04.10-19.12.27:693][251]LogModuleManager: Shutting down and abandoning module AutomationController (358)
[2017.04.10-19.12.27:693][251]LogModuleManager: Shutting down and abandoning module AutomationWindow (356)
[2017.04.10-19.12.27:693][251]LogModuleManager: Shutting down and abandoning module Layers (354)
[2017.04.10-19.12.27:694][251]LogModuleManager: Shutting down and abandoning module ComponentVisualizers (352)
[2017.04.10-19.12.27:694][251]LogModuleManager: Shutting down and abandoning module DetailCustomizations (350)
[2017.04.10-19.12.27:694][251]LogModuleManager: Shutting down and abandoning module PackagesDialog (348)
[2017.04.10-19.12.27:694][251]LogModuleManager: Shutting down and abandoning module Persona (346)
[2017.04.10-19.12.27:694][251]LogModuleManager: Shutting down and abandoning module AnimGraph (345)
[2017.04.10-19.12.27:694][251]LogModuleManager: Shutting down and abandoning module Kismet (342)
[2017.04.10-19.12.27:701][251]LogModuleManager: Shutting down and abandoning module GraphEditor (340)
[2017.04.10-19.12.27:701][251]LogModuleManager: Shutting down and abandoning module ClassViewer (338)
[2017.04.10-19.12.27:701][251]LogModuleManager: Shutting down and abandoning module Toolbox (336)
[2017.04.10-19.12.27:701][251]LogModuleManager: Shutting down and abandoning module ModuleUI (334)
[2017.04.10-19.12.27:701][251]LogModuleManager: Shutting down and abandoning module MovieSceneTools (332)
[2017.04.10-19.12.27:702][251]LogModuleManager: Shutting down and abandoning module OutputLog (330)
[2017.04.10-19.12.27:702][251]LogModuleManager: Shutting down and abandoning module GammaUI (328)
[2017.04.10-19.12.27:702][251]LogModuleManager: Shutting down and abandoning module Documentation (326)
[2017.04.10-19.12.27:702][251]LogModuleManager: Shutting down and abandoning module Niagara (324)
[2017.04.10-19.12.27:702][251]LogModuleManager: Shutting down and abandoning module StreamingPauseRendering (322)
[2017.04.10-19.12.27:702][251]LogModuleManager: Shutting down and abandoning module AnalyticsET (320)
[2017.04.10-19.12.27:702][251]LogModuleManager: Shutting down and abandoning module PortalServices (318)
[2017.04.10-19.12.27:702][251]LogModuleManager: Shutting down and abandoning module PortalRpc (316)
[2017.04.10-19.12.27:702][251]LogModuleManager: Shutting down and abandoning module MessagingRpc (314)
[2017.04.10-19.12.27:702][251]LogModuleManager: Shutting down and abandoning module AIModule (312)
[2017.04.10-19.12.27:702][251]LogModuleManager: Shutting down and abandoning module GameplayDebugger (311)
[2017.04.10-19.12.27:702][251]LogModuleManager: Shutting down and abandoning module AITestSuite (309)
[2017.04.10-19.12.27:702][251]LogModuleManager: Shutting down and abandoning module ProfilerService (306)
[2017.04.10-19.12.27:926][251]LogModuleManager: Shutting down and abandoning module TaskGraph (304)
[2017.04.10-19.12.27:926][251]LogModuleManager: Shutting down and abandoning module SteamVRController (302)
[2017.04.10-19.12.27:927][251]LogModuleManager: Shutting down and abandoning module SteamVR (300)
[2017.04.10-19.12.27:927][251]LogModuleManager: Shutting down and abandoning module ProceduralMeshComponentEditor (298)
[2017.04.10-19.12.27:927][251]LogModuleManager: Shutting down and abandoning module ProceduralMeshComponent (296)
[2017.04.10-19.12.27:927][251]LogModuleManager: Shutting down and abandoning module OculusLibrary (294)
[2017.04.10-19.12.27:927][251]LogModuleManager: Shutting down and abandoning module OculusInput (292)
[2017.04.10-19.12.27:927][251]LogModuleManager: Shutting down and abandoning module MobilePatchingUtils (290)
[2017.04.10-19.12.27:927][251]LogModuleManager: Shutting down and abandoning module CustomMeshComponent (288)
[2017.04.10-19.12.27:927][251]LogModuleManager: Shutting down and abandoning module CableComponent (286)
[2017.04.10-19.12.27:927][251]LogModuleManager: Shutting down and abandoning module ArchVisCharacter (284)
[2017.04.10-19.12.27:927][251]LogModuleManager: Shutting down and abandoning module MediaPlayerEditor (280)
[2017.04.10-19.12.27:927][251]LogModuleManager: Shutting down and abandoning module HTML5Networking (278)
[2017.04.10-19.12.27:927][251]LogModuleManager: Shutting down and abandoning module AlembicImporter (276)
[2017.04.10-19.12.27:927][251]LogModuleManager: Shutting down and abandoning module AlembicLibrary (275)
[2017.04.10-19.12.27:927][251]LogModuleManager: Shutting down and abandoning module GeometryCache (274)
[2017.04.10-19.12.27:927][251]LogModuleManager: Shutting down and abandoning module GeometryCacheEd (273)
[2017.04.10-19.12.27:927][251]LogModuleManager: Shutting down and abandoning module SuperSearchEditor (268)
[2017.04.10-19.12.27:927][251]LogModuleManager: Shutting down and abandoning module SuperSearch (267)
[2017.04.10-19.12.27:927][251]LogModuleManager: Shutting down and abandoning module SpeedTreeImporter (264)
[2017.04.10-19.12.27:927][251]LogModuleManager: Shutting down and abandoning module PluginBrowser (262)
[2017.04.10-19.12.27:927][251]LogModuleManager: Shutting down and abandoning module MobileLauncherProfileWizard (260)
[2017.04.10-19.12.27:928][251]LogModuleManager: Shutting down and abandoning module EpicSurvey (258)
[2017.04.10-19.12.27:928][251]LogModuleManager: Shutting down and abandoning module VisualStudioSourceCodeAccess (256)
[2017.04.10-19.12.27:928][251]LogModuleManager: Shutting down and abandoning module DesktopPlatform (255)
[2017.04.10-19.12.27:928][251]LogModuleManager: Shutting down and abandoning module UObjectPlugin (252)
[2017.04.10-19.12.27:928][251]LogModuleManager: Shutting down and abandoning module SubversionSourceControl (250)
[2017.04.10-19.12.27:928][251]LogModuleManager: Shutting down and abandoning module PerforceSourceControl (248)
[2017.04.10-19.12.27:928][251]LogModuleManager: Shutting down and abandoning module GitSourceControl (246)
[2017.04.10-19.12.27:928][251]LogModuleManager: Shutting down and abandoning module SourceControl (245)
[2017.04.10-19.12.27:928][251]LogModuleManager: Shutting down and abandoning module LightPropagationVolumeEditor (242)
[2017.04.10-19.12.27:928][251]LogModuleManager: Shutting down and abandoning module PaperTiledImporter (240)
[2017.04.10-19.12.27:928][251]LogModuleManager: Shutting down and abandoning module PaperSpriteSheetImporter (238)
[2017.04.10-19.12.27:928][251]LogModuleManager: Shutting down and abandoning module Paper2DEditor (236)
[2017.04.10-19.12.27:928][251]LogModuleManager: Shutting down and abandoning module MeshPaint (235)
[2017.04.10-19.12.27:928][251]LogModuleManager: Shutting down and abandoning module LevelEditor (233)
[2017.04.10-19.12.27:929][251]LogModuleManager: Shutting down and abandoning module PixelInspectorModule (232)
[2017.04.10-19.12.27:929][251]LogModuleManager: Shutting down and abandoning module MainFrame (230)
[2017.04.10-19.12.27:929][251]LogModuleManager: Shutting down and abandoning module HotReload (229)
[2017.04.10-19.12.27:929][251]LogModuleManager: Shutting down and abandoning module ContentBrowser (225)
[2017.04.10-19.12.27:930][251]LogModuleManager: Shutting down and abandoning module PhysXVehiclesEditor (222)
[2017.04.10-19.12.27:930][251]LogModuleManager: Shutting down and abandoning module PhysXVehicles (220)
[2017.04.10-19.12.27:930][251]LogModuleManager: Shutting down and abandoning module LocationServicesBPLibrary (218)
[2017.04.10-19.12.27:930][251]LogModuleManager: Shutting down and abandoning module UdpMessaging (216)
[2017.04.10-19.12.28:031][251]LogModuleManager: Shutting down and abandoning module TcpMessaging (214)
[2017.04.10-19.12.28:131][251]LogModuleManager: Shutting down and abandoning module GameplayTagsEditor (212)
[2017.04.10-19.12.28:132][251]LogModuleManager: Shutting down and abandoning module FacialAnimationEditor (210)
[2017.04.10-19.12.28:133][251]LogModuleManager: Shutting down and abandoning module FacialAnimation (208)
[2017.04.10-19.12.28:133][251]LogModuleManager: Shutting down and abandoning module LightPropagationVolumeRuntime (206)
[2017.04.10-19.12.28:133][251]LogModuleManager: Shutting down and abandoning module Paper2D (204)
[2017.04.10-19.12.28:133][251]LogModuleManager: Shutting down and abandoning module WindowsMoviePlayer (202)
[2017.04.10-19.12.28:133][251]LogModuleManager: Shutting down and abandoning module WmfMedia (200)
[2017.04.10-19.12.28:133][251]LogModuleManager: Shutting down and abandoning module MfMedia (198)
[2017.04.10-19.12.28:133][251]LogModuleManager: Shutting down and abandoning module MediaAssets (196)
[2017.04.10-19.12.28:133][251]LogModuleManager: Shutting down and abandoning module GameLiveStreaming (194)
[2017.04.10-19.12.28:133][251]LogModuleManager: Shutting down and abandoning module VREditor (192)
[2017.04.10-19.12.28:133][251]LogModuleManager: Shutting down and abandoning module GameplayTasksEditor (190)
[2017.04.10-19.12.28:133][251]LogModuleManager: Shutting down and abandoning module BehaviorTreeEditor (188)
[2017.04.10-19.12.28:134][251]LogModuleManager: Shutting down and abandoning module FunctionalTesting (186)
[2017.04.10-19.12.28:134][251]LogModuleManager: Shutting down and abandoning module CollisionAnalyzer (184)
[2017.04.10-19.12.28:134][251]LogModuleManager: Shutting down and abandoning module UMG (182)
[2017.04.10-19.12.28:134][251]LogModuleManager: Shutting down and abandoning module UMGEditor (181)
[2017.04.10-19.12.28:134][251]LogModuleManager: Shutting down and abandoning module Sequencer (180)
[2017.04.10-19.12.28:135][251]LogModuleManager: Shutting down and abandoning module AssetTools (178)
[2017.04.10-19.12.28:135][251]LogModuleManager: Shutting down and abandoning module MessageLog (177)
[2017.04.10-19.12.28:135][251]LogModuleManager: Shutting down and abandoning module WorkspaceMenuStructure (176)
[2017.04.10-19.12.28:135][251]LogModuleManager: Shutting down and abandoning module SlateReflector (170)
[2017.04.10-19.12.28:136][251]LogModuleManager: Shutting down and abandoning module Slate (168)
[2017.04.10-19.12.28:136][251]LogModuleManager: Shutting down and abandoning module EditorStyle (166)
[2017.04.10-19.12.28:138][251]LogModuleManager: Shutting down and abandoning module SourceCodeAccess (164)
[2017.04.10-19.12.28:138][251]LogModuleManager: Shutting down and abandoning module HeadMountedDisplay (162)
[2017.04.10-19.12.28:138][251]LogModuleManager: Shutting down and abandoning module XAudio2 (160)
[2017.04.10-19.12.28:138][251]LogModuleManager: Shutting down and abandoning module Networking (158)
[2017.04.10-19.12.28:138][251]LogModuleManager: Shutting down and abandoning module Core (154)
[2017.04.10-19.12.28:138][251]LogModuleManager: Shutting down and abandoning module AssetRegistry (152)
[2017.04.10-19.12.28:214][251]LogDirectoryWatcher: A directory notification for '../../../Engine/Content/' was aborted.
[2017.04.10-19.12.28:214][251]LogDirectoryWatcher: A directory notification for 'D:/UEProjects/project_panties/Content/' was aborted.
[2017.04.10-19.12.28:214][251]LogDirectoryWatcher: A directory notification for '../../../Engine/Plugins/2D/Paper2D/Content/' was aborted.
[2017.04.10-19.12.28:214][251]LogModuleManager: Shutting down and abandoning module DirectoryWatcher (151)
[2017.04.10-19.12.28:215][251]LogModuleManager: Shutting down and abandoning module KismetCompiler (148)
[2017.04.10-19.12.28:215][251]LogModuleManager: Shutting down and abandoning module PhysXFormats (146)
[2017.04.10-19.12.28:215][251]LogModuleManager: Shutting down and abandoning module MeshUtilities (144)
[2017.04.10-19.12.28:215][251]LogModuleManager: Shutting down and abandoning module SimplygonSwarm (143)
[2017.04.10-19.12.28:215][251]LogModuleManager: Shutting down and abandoning module SimplygonMeshReduction (141)
[2017.04.10-19.12.28:215][251]LogModuleManager: Shutting down and abandoning module QuadricMeshReduction (139)
[2017.04.10-19.12.28:215][251]LogModuleManager: Shutting down and abandoning module PropertyEditor (137)
[2017.04.10-19.12.28:215][251]LogModuleManager: Shutting down and abandoning module DerivedDataCache (134)
[2017.04.10-19.12.28:270][251]LogDerivedDataCache: Shutdown
[2017.04.10-19.12.28:270][251]LogModuleManager: Shutting down and abandoning module TargetPlatform (132)
[2017.04.10-19.12.28:270][251]LogModuleManager: Shutting down and abandoning module VulkanShaderFormat (131)
[2017.04.10-19.12.28:270][251]LogModuleManager: Shutting down and abandoning module ShaderFormatOpenGL (129)
[2017.04.10-19.12.28:270][251]LogModuleManager: Shutting down and abandoning module ShaderFormatD3D (127)
[2017.04.10-19.12.28:270][251]LogModuleManager: Shutting down and abandoning module MetalShaderFormat (125)
[2017.04.10-19.12.28:271][251]LogModuleManager: Shutting down and abandoning module TextureFormatUncompressed (123)
[2017.04.10-19.12.28:271][251]LogModuleManager: Shutting down and abandoning module TextureFormatPVR (121)
[2017.04.10-19.12.28:271][251]LogModuleManager: Shutting down and abandoning module TextureFormatDXT (119)
[2017.04.10-19.12.28:271][251]LogModuleManager: Shutting down and abandoning module TextureFormatIntelISPCTexComp (117)
[2017.04.10-19.12.28:271][251]LogModuleManager: Shutting down and abandoning module TextureFormatASTC (115)
[2017.04.10-19.12.28:271][251]LogModuleManager: Shutting down and abandoning module ImageWrapper (114)
[2017.04.10-19.12.28:271][251]LogModuleManager: Shutting down and abandoning module TextureFormatAndroid (111)
[2017.04.10-19.12.28:271][251]LogModuleManager: Shutting down and abandoning module AudioFormatOpus (109)
[2017.04.10-19.12.28:271][251]LogModuleManager: Shutting down and abandoning module AudioFormatOgg (107)
[2017.04.10-19.12.28:271][251]LogModuleManager: Shutting down and abandoning module AudioFormatADPCM (105)
[2017.04.10-19.12.28:271][251]LogModuleManager: Shutting down and abandoning module LinuxTargetPlatform (103)
[2017.04.10-19.12.28:271][251]LogModuleManager: Shutting down and abandoning module LinuxServerTargetPlatform (101)
[2017.04.10-19.12.28:271][251]LogModuleManager: Shutting down and abandoning module LinuxNoEditorTargetPlatform (99)
[2017.04.10-19.12.28:271][251]LogModuleManager: Shutting down and abandoning module LinuxClientTargetPlatform (97)
[2017.04.10-19.12.28:271][251]LogModuleManager: Shutting down and abandoning module TVOSTargetPlatform (95)
[2017.04.10-19.12.28:271][251]LogModuleManager: Shutting down and abandoning module Messaging (93)
[2017.04.10-19.12.28:271][251]LogModuleManager: Shutting down and abandoning module IOSTargetPlatform (91)
[2017.04.10-19.12.28:271][251]LogModuleManager: Shutting down and abandoning module HTML5TargetPlatform (89)
[2017.04.10-19.12.28:271][251]LogModuleManager: Shutting down and abandoning module Android_PVRTCTargetPlatform (87)
[2017.04.10-19.12.28:271][251]LogModuleManager: Shutting down and abandoning module Android_MultiTargetPlatform (85)
[2017.04.10-19.12.28:271][251]LogModuleManager: Shutting down and abandoning module Android_ETC2TargetPlatform (83)
[2017.04.10-19.12.28:271][251]LogModuleManager: Shutting down and abandoning module Android_ETC1TargetPlatform (81)
[2017.04.10-19.12.28:271][251]LogModuleManager: Shutting down and abandoning module Android_DXTTargetPlatform (79)
[2017.04.10-19.12.28:271][251]LogModuleManager: Shutting down and abandoning module Android_ATCTargetPlatform (77)
[2017.04.10-19.12.28:271][251]LogModuleManager: Shutting down and abandoning module Android_ASTCTargetPlatform (75)
[2017.04.10-19.12.28:271][251]LogModuleManager: Shutting down and abandoning module AndroidTargetPlatform (73)
[2017.04.10-19.12.28:271][251]LogModuleManager: Shutting down and abandoning module WindowsTargetPlatform (71)
[2017.04.10-19.12.28:271][251]LogModuleManager: Shutting down and abandoning module WindowsServerTargetPlatform (69)
[2017.04.10-19.12.28:271][251]LogModuleManager: Shutting down and abandoning module WindowsNoEditorTargetPlatform (67)
[2017.04.10-19.12.28:271][251]LogModuleManager: Shutting down and abandoning module WindowsClientTargetPlatform (65)
[2017.04.10-19.12.28:271][251]LogModuleManager: Shutting down and abandoning module MacTargetPlatform (63)
[2017.04.10-19.12.28:271][251]LogModuleManager: Shutting down and abandoning module MacServerTargetPlatform (61)
[2017.04.10-19.12.28:271][251]LogModuleManager: Shutting down and abandoning module MacNoEditorTargetPlatform (59)
[2017.04.10-19.12.28:271][251]LogModuleManager: Shutting down and abandoning module MacClientTargetPlatform (57)
[2017.04.10-19.12.28:271][251]LogModuleManager: Shutting down and abandoning module AllDesktopTargetPlatform (55)
[2017.04.10-19.12.28:271][251]LogModuleManager: Shutting down and abandoning module InputCore (52)
[2017.04.10-19.12.28:271][251]LogModuleManager: Shutting down and abandoning module Settings (50)
[2017.04.10-19.12.28:271][251]LogModuleManager: Shutting down and abandoning module OculusRift (48)
[2017.04.10-19.12.28:271][251]LogModuleManager: Shutting down and abandoning module GearVR (46)
[2017.04.10-19.12.28:271][251]LogModuleManager: Shutting down and abandoning module ExampleDeviceProfileSelector (44)
[2017.04.10-19.12.28:271][251]LogModuleManager: Shutting down and abandoning module OnlineBlueprintSupport (42)
[2017.04.10-19.12.28:271][251]LogModuleManager: Shutting down and abandoning module OnlineSubsystem (38)
[2017.04.10-19.12.28:271][251]LogOnline:Display: Unloading online subsystem: NULL
[2017.04.10-19.12.28:272][251]LogModuleManager: Shutting down and abandoning module XMPP (37)
[2017.04.10-19.12.28:272][251]LogModuleManager: Shutting down and abandoning module HTTP (35)
[2017.04.10-19.12.28:272][251]LogHttp:Display: Http module shutting down, but needs to wait on 2 outstanding Http requests:
[2017.04.10-19.12.28:272][251]LogHttp:Display: 	verb=[POST] url=[https://datarouter.ol.epicgames.com/datarouter/api/v1/public/data?SessionID=%7B18933848-40A2-E909-E8DD-8D8423A1B559%7D&AppID=UEEditor.Rocket.Release&AppVersion=4.15.1-3348071%2B%2B%2BUE4%2BRelease-4.15&UserID=695df47f4146c860d8098e818d10e830%7C53d085766f07496a9bf34dcc5d27aa54%7C403e18f4-5586-4356-94d0-76a3832769d4&AppEnvironment=datacollector-binary&UploadType=eteventstream] status=Processing
[2017.04.10-19.12.28:272][251]LogHttp:Display: 	verb=[POST] url=[https://datarouter.ol.epicgames.com/datarouter/api/v1/public/data?SessionID=%7B18933848-40A2-E909-E8DD-8D8423A1B559%7D&AppID=UEEditor.Rocket.Release&AppVersion=4.15.1-3348071%2B%2B%2BUE4%2BRelease-4.15&UserID=695df47f4146c860d8098e818d10e830%7C53d085766f07496a9bf34dcc5d27aa54%7C403e18f4-5586-4356-94d0-76a3832769d4&AppEnvironment=datacollector-binary&UploadType=eteventstream] status=Processing
[2017.04.10-19.12.28:298][251]LogModuleManager: Shutting down and abandoning module SSL (34)
[2017.04.10-19.12.28:299][251]LogModuleManager: Shutting down and abandoning module AudioEditor (30)
[2017.04.10-19.12.28:299][251]LogModuleManager: Shutting down and abandoning module TextureCompressor (28)
[2017.04.10-19.12.28:300][251]LogModuleManager: Shutting down and abandoning module ShaderCore (26)
[2017.04.10-19.12.28:300][251]LogModuleManager: Shutting down and abandoning module Landscape (24)
[2017.04.10-19.12.28:300][251]LogModuleManager: Shutting down and abandoning module SlateRHIRenderer (22)
[2017.04.10-19.12.28:302][251]LogModuleManager: Shutting down and abandoning module OpenGLDrv (20)
[2017.04.10-19.12.28:302][251]LogModuleManager: Shutting down and abandoning module D3D11RHI (18)
[2017.04.10-19.12.28:302][251]LogModuleManager: Shutting down and abandoning module AnimGraphRuntime (16)
[2017.04.10-19.12.28:302][251]LogModuleManager: Shutting down and abandoning module Renderer (14)
[2017.04.10-19.12.28:302][251]LogModuleManager: Shutting down and abandoning module Engine (12)
[2017.04.10-19.12.28:302][251]LogModuleManager: Shutting down and abandoning module CoreUObject (10)
[2017.04.10-19.12.28:302][251]LogModuleManager: Shutting down and abandoning module NetworkFile (8)
[2017.04.10-19.12.28:302][251]LogModuleManager: Shutting down and abandoning module StreamingFile (6)
[2017.04.10-19.12.28:302][251]LogModuleManager: Shutting down and abandoning module SandboxFile (4)
[2017.04.10-19.12.28:302][251]LogModuleManager: Shutting down and abandoning module PakFile (2)
[2017.04.10-19.12.28:303][251]LogExit: Exiting.
[2017.04.10-19.12.28:305][251]Log file closed, 04/10/17 22:12:28
